<?xml version="1.0" encoding="utf-8"?>
<CoverageSession xmlns:xsd="http://www.w3.org/2001/XMLSchema" xmlns:xsi="http://www.w3.org/2001/XMLSchema-instance" Version="4.6.0.0">
  <Summary numSequencePoints="1141" visitedSequencePoints="48" numBranchPoints="321" visitedBranchPoints="8" sequenceCoverage="4.21" branchCoverage="2.49" maxCyclomaticComplexity="35" minCyclomaticComplexity="1" maxCrapScore="1260" minCrapScore="1" visitedClasses="5" numClasses="79" visitedMethods="7" numMethods="201" />
  <Modules>
    <Module hash="A2-3D-EA-6C-7C-3C-32-29-37-60-4F-25-06-16-17-1E-DF-37-DF-D9">
      <Summary numSequencePoints="414" visitedSequencePoints="22" numBranchPoints="63" visitedBranchPoints="3" sequenceCoverage="5.31" branchCoverage="4.76" maxCyclomaticComplexity="2" minCyclomaticComplexity="1" maxCrapScore="6" minCrapScore="1" visitedClasses="2" numClasses="28" visitedMethods="3" numMethods="63" />
      <ModulePath>D:\Git-Repos\car-mods-heaven\CarModsHeaven\CarModsHeaven\CarModsHeaven.Web.Tests\bin\Debug\CarModsHeaven.Web.Tests.dll</ModulePath>
      <ModuleTime>2017-10-14T18:01:33.8596052Z</ModuleTime>
      <ModuleName>CarModsHeaven.Web.Tests</ModuleName>
      <Files>
        <File uid="1" fullPath="D:\Git-Repos\car-mods-heaven\CarModsHeaven\CarModsHeaven\CarModsHeaven.Web.Tests\Controllers\Users\DetailsShould.cs" />
        <File uid="3" fullPath="D:\Git-Repos\car-mods-heaven\CarModsHeaven\CarModsHeaven\CarModsHeaven.Web.Tests\Controllers\Users\IndexShould.cs" />
        <File uid="5" fullPath="D:\Git-Repos\car-mods-heaven\CarModsHeaven\CarModsHeaven\CarModsHeaven.Web.Tests\Controllers\Projects\ConstructorShould.cs" />
        <File uid="9" fullPath="D:\Git-Repos\car-mods-heaven\CarModsHeaven\CarModsHeaven\CarModsHeaven.Web.Tests\Controllers\Projects\AddProjectShould.cs" />
        <File uid="11" fullPath="D:\Git-Repos\car-mods-heaven\CarModsHeaven\CarModsHeaven\CarModsHeaven.Web.Tests\Controllers\Projects\DeleteShould.cs" />
        <File uid="13" fullPath="D:\Git-Repos\car-mods-heaven\CarModsHeaven\CarModsHeaven\CarModsHeaven.Web.Tests\Controllers\Projects\DetailsShould.cs" />
        <File uid="15" fullPath="D:\Git-Repos\car-mods-heaven\CarModsHeaven\CarModsHeaven\CarModsHeaven.Web.Tests\Controllers\Projects\EditProjectShould.cs" />
        <File uid="17" fullPath="D:\Git-Repos\car-mods-heaven\CarModsHeaven\CarModsHeaven\CarModsHeaven.Web.Tests\Controllers\Projects\GetProjectsShould.cs" />
        <File uid="19" fullPath="D:\Git-Repos\car-mods-heaven\CarModsHeaven\CarModsHeaven\CarModsHeaven.Web.Tests\Controllers\Projects\IndexShould.cs" />
        <File uid="21" fullPath="D:\Git-Repos\car-mods-heaven\CarModsHeaven\CarModsHeaven\CarModsHeaven.Web.Tests\Controllers\Home\Tests.cs" />
        <File uid="22" fullPath="D:\Git-Repos\car-mods-heaven\CarModsHeaven\CarModsHeaven\CarModsHeaven.Web.Tests\Controllers\Error\IndexShould.cs" />
        <File uid="23" fullPath="D:\Git-Repos\car-mods-heaven\CarModsHeaven\CarModsHeaven\CarModsHeaven.Web.Tests\Controllers\Discussions\IndexShould.cs" />
        <File uid="24" fullPath="D:\Git-Repos\car-mods-heaven\CarModsHeaven\CarModsHeaven\CarModsHeaven.Web.Tests\Controllers\Account\LoginShould.cs" />
        <File uid="25" fullPath="D:\Git-Repos\car-mods-heaven\CarModsHeaven\CarModsHeaven\CarModsHeaven.Web.Tests\Controllers\About\ConstructorShould.cs" />
        <File uid="28" fullPath="D:\Git-Repos\car-mods-heaven\CarModsHeaven\CarModsHeaven\CarModsHeaven.Web.Tests\Controllers\About\IndexShould.cs" />
      </Files>
      <Classes>
        <Class>
          <Summary numSequencePoints="27" visitedSequencePoints="0" numBranchPoints="4" visitedBranchPoints="0" sequenceCoverage="0" branchCoverage="0" maxCyclomaticComplexity="2" minCyclomaticComplexity="1" maxCrapScore="6" minCrapScore="2" visitedClasses="0" numClasses="1" visitedMethods="0" numMethods="4" />
          <FullName>CarModsHeaven.Web.Tests.Controllers.Users.DetailsShould</FullName>
          <Methods>
            <Method visited="false" cyclomaticComplexity="2" nPathComplexity="0" sequenceCoverage="0" branchCoverage="0" crapScore="6" isConstructor="false" isStatic="false" isGetter="false" isSetter="false">
              <Summary numSequencePoints="3" visitedSequencePoints="0" numBranchPoints="1" visitedBranchPoints="0" sequenceCoverage="0" branchCoverage="0" maxCyclomaticComplexity="2" minCyclomaticComplexity="2" maxCrapScore="6" minCrapScore="6" visitedClasses="0" numClasses="0" visitedMethods="0" numMethods="1" />
              <MetadataToken>100663297</MetadataToken>
              <Name>System.Void CarModsHeaven.Web.Tests.Controllers.Users.DetailsShould::InitAutoMapper()</Name>
              <FileRef uid="1" />
              <SequencePoints>
                <SequencePoint vc="0" uspid="1" ordinal="0" offset="0" sl="20" sc="9" el="20" ec="10" bec="0" bev="0" fileid="1" />
                <SequencePoint vc="0" uspid="2" ordinal="1" offset="1" sl="21" sc="13" el="25" ec="16" bec="0" bev="0" fileid="1" />
                <SequencePoint vc="0" uspid="3" ordinal="2" offset="38" sl="26" sc="9" el="26" ec="10" bec="0" bev="0" fileid="1" />
              </SequencePoints>
              <BranchPoints />
              <MethodPoint xsi:type="SequencePoint" vc="0" uspid="1" ordinal="0" offset="0" sl="20" sc="9" el="20" ec="10" bec="0" bev="0" fileid="1" />
            </Method>
            <Method visited="false" cyclomaticComplexity="1" nPathComplexity="0" sequenceCoverage="0" branchCoverage="0" crapScore="2" isConstructor="false" isStatic="false" isGetter="false" isSetter="false">
              <Summary numSequencePoints="6" visitedSequencePoints="0" numBranchPoints="1" visitedBranchPoints="0" sequenceCoverage="0" branchCoverage="0" maxCyclomaticComplexity="1" minCyclomaticComplexity="1" maxCrapScore="2" minCrapScore="2" visitedClasses="0" numClasses="0" visitedMethods="0" numMethods="1" />
              <MetadataToken>100663298</MetadataToken>
              <Name>System.Void CarModsHeaven.Web.Tests.Controllers.Users.DetailsShould::ReturnErrorViewWhenPassedUserNameIsNullOrEmpty()</Name>
              <FileRef uid="1" />
              <SequencePoints>
                <SequencePoint vc="0" uspid="6" ordinal="0" offset="0" sl="30" sc="9" el="30" ec="10" bec="0" bev="0" fileid="1" />
                <SequencePoint vc="0" uspid="7" ordinal="1" offset="1" sl="32" sc="13" el="32" ec="71" bec="0" bev="0" fileid="1" />
                <SequencePoint vc="0" uspid="8" ordinal="2" offset="7" sl="33" sc="13" el="33" ec="65" bec="0" bev="0" fileid="1" />
                <SequencePoint vc="0" uspid="9" ordinal="3" offset="13" sl="36" sc="13" el="36" ec="89" bec="0" bev="0" fileid="1" />
                <SequencePoint vc="0" uspid="10" ordinal="4" offset="21" sl="39" sc="13" el="41" ec="44" bec="0" bev="0" fileid="1" />
                <SequencePoint vc="0" uspid="11" ordinal="5" offset="120" sl="42" sc="9" el="42" ec="10" bec="0" bev="0" fileid="1" />
              </SequencePoints>
              <BranchPoints />
              <MethodPoint xsi:type="SequencePoint" vc="0" uspid="6" ordinal="0" offset="0" sl="30" sc="9" el="30" ec="10" bec="0" bev="0" fileid="1" />
            </Method>
            <Method visited="false" cyclomaticComplexity="1" nPathComplexity="0" sequenceCoverage="0" branchCoverage="0" crapScore="2" isConstructor="false" isStatic="false" isGetter="false" isSetter="false">
              <Summary numSequencePoints="7" visitedSequencePoints="0" numBranchPoints="1" visitedBranchPoints="0" sequenceCoverage="0" branchCoverage="0" maxCyclomaticComplexity="1" minCyclomaticComplexity="1" maxCrapScore="2" minCrapScore="2" visitedClasses="0" numClasses="0" visitedMethods="0" numMethods="1" />
              <MetadataToken>100663299</MetadataToken>
              <Name>System.Void CarModsHeaven.Web.Tests.Controllers.Users.DetailsShould::ReturnErrorViewWhenUserIsNotFound()</Name>
              <FileRef uid="1" />
              <SequencePoints>
                <SequencePoint vc="0" uspid="12" ordinal="0" offset="6" sl="46" sc="9" el="46" ec="10" bec="0" bev="0" fileid="1" />
                <SequencePoint vc="0" uspid="13" ordinal="1" offset="7" sl="48" sc="13" el="48" ec="71" bec="0" bev="0" fileid="1" />
                <SequencePoint vc="0" uspid="14" ordinal="2" offset="13" sl="49" sc="13" el="49" ec="65" bec="0" bev="0" fileid="1" />
                <SequencePoint vc="0" uspid="15" ordinal="3" offset="19" sl="50" sc="13" el="50" ec="35" bec="0" bev="0" fileid="1" />
                <SequencePoint vc="0" uspid="16" ordinal="4" offset="30" sl="53" sc="13" el="53" ec="89" bec="0" bev="0" fileid="1" />
                <SequencePoint vc="0" uspid="17" ordinal="5" offset="38" sl="56" sc="13" el="58" ec="44" bec="0" bev="0" fileid="1" />
                <SequencePoint vc="0" uspid="18" ordinal="6" offset="155" sl="59" sc="9" el="59" ec="10" bec="0" bev="0" fileid="1" />
              </SequencePoints>
              <BranchPoints />
              <MethodPoint vc="0" uspid="19" ordinal="0" offset="0" />
            </Method>
            <Method visited="false" cyclomaticComplexity="1" nPathComplexity="0" sequenceCoverage="0" branchCoverage="0" crapScore="2" isConstructor="false" isStatic="false" isGetter="false" isSetter="false">
              <Summary numSequencePoints="11" visitedSequencePoints="0" numBranchPoints="1" visitedBranchPoints="0" sequenceCoverage="0" branchCoverage="0" maxCyclomaticComplexity="1" minCyclomaticComplexity="1" maxCrapScore="2" minCrapScore="2" visitedClasses="0" numClasses="0" visitedMethods="0" numMethods="1" />
              <MetadataToken>100663300</MetadataToken>
              <Name>System.Void CarModsHeaven.Web.Tests.Controllers.Users.DetailsShould::RenderDefaultViewWhenUserIsFound()</Name>
              <FileRef uid="1" />
              <SequencePoints>
                <SequencePoint vc="0" uspid="20" ordinal="0" offset="6" sl="63" sc="9" el="63" ec="10" bec="0" bev="0" fileid="1" />
                <SequencePoint vc="0" uspid="21" ordinal="1" offset="7" sl="65" sc="13" el="65" ec="71" bec="0" bev="0" fileid="1" />
                <SequencePoint vc="0" uspid="22" ordinal="2" offset="13" sl="66" sc="13" el="66" ec="65" bec="0" bev="0" fileid="1" />
                <SequencePoint vc="0" uspid="23" ordinal="3" offset="24" sl="67" sc="13" el="67" ec="52" bec="0" bev="0" fileid="1" />
                <SequencePoint vc="0" uspid="24" ordinal="4" offset="50" sl="68" sc="13" el="68" ec="39" bec="0" bev="0" fileid="1" />
                <SequencePoint vc="0" uspid="25" ordinal="5" offset="56" sl="70" sc="13" el="70" ec="89" bec="0" bev="0" fileid="1" />
                <SequencePoint vc="0" uspid="26" ordinal="6" offset="69" sl="71" sc="13" el="71" ec="50" bec="0" bev="0" fileid="1" />
                <SequencePoint vc="0" uspid="27" ordinal="7" offset="84" sl="72" sc="13" el="72" ec="98" bec="0" bev="0" fileid="1" />
                <SequencePoint vc="0" uspid="28" ordinal="8" offset="203" sl="75" sc="13" el="75" ec="40" bec="0" bev="0" fileid="1" />
                <SequencePoint vc="0" uspid="29" ordinal="9" offset="216" sl="78" sc="13" el="80" ec="44" bec="0" bev="0" fileid="1" />
                <SequencePoint vc="0" uspid="30" ordinal="10" offset="328" sl="81" sc="9" el="81" ec="10" bec="0" bev="0" fileid="1" />
              </SequencePoints>
              <BranchPoints />
              <MethodPoint vc="0" uspid="31" ordinal="0" offset="0" />
            </Method>
            <Method visited="false" cyclomaticComplexity="1" nPathComplexity="0" sequenceCoverage="0" branchCoverage="0" crapScore="2" isConstructor="true" isStatic="false" isGetter="false" isSetter="false">
              <Summary numSequencePoints="0" visitedSequencePoints="0" numBranchPoints="0" visitedBranchPoints="0" sequenceCoverage="0" branchCoverage="0" maxCyclomaticComplexity="1" minCyclomaticComplexity="1" maxCrapScore="2" minCrapScore="2" visitedClasses="0" numClasses="0" visitedMethods="0" numMethods="0" />
              <MetadataToken>100663301</MetadataToken>
              <Name>System.Void CarModsHeaven.Web.Tests.Controllers.Users.DetailsShould::.ctor()</Name>
              <SequencePoints />
              <BranchPoints />
              <MethodPoint vc="0" uspid="32" ordinal="0" offset="0" />
            </Method>
          </Methods>
        </Class>
        <Class>
          <Summary numSequencePoints="4" visitedSequencePoints="0" numBranchPoints="1" visitedBranchPoints="0" sequenceCoverage="0" branchCoverage="0" maxCyclomaticComplexity="1" minCyclomaticComplexity="1" maxCrapScore="2" minCrapScore="2" visitedClasses="0" numClasses="1" visitedMethods="0" numMethods="1" />
          <FullName>CarModsHeaven.Web.Tests.Controllers.Users.DetailsShould/&lt;&gt;c</FullName>
          <Methods>
            <Method visited="false" cyclomaticComplexity="1" nPathComplexity="0" sequenceCoverage="0" branchCoverage="0" crapScore="2" isConstructor="true" isStatic="true" isGetter="false" isSetter="false">
              <Summary numSequencePoints="0" visitedSequencePoints="0" numBranchPoints="0" visitedBranchPoints="0" sequenceCoverage="0" branchCoverage="0" maxCyclomaticComplexity="1" minCyclomaticComplexity="1" maxCrapScore="2" minCrapScore="2" visitedClasses="0" numClasses="0" visitedMethods="0" numMethods="0" />
              <MetadataToken>100663361</MetadataToken>
              <Name>System.Void CarModsHeaven.Web.Tests.Controllers.Users.DetailsShould/&lt;&gt;c::.cctor()</Name>
              <SequencePoints />
              <BranchPoints />
              <MethodPoint vc="0" uspid="33" ordinal="0" offset="0" />
            </Method>
            <Method visited="false" cyclomaticComplexity="1" nPathComplexity="0" sequenceCoverage="0" branchCoverage="0" crapScore="2" isConstructor="true" isStatic="false" isGetter="false" isSetter="false">
              <Summary numSequencePoints="0" visitedSequencePoints="0" numBranchPoints="0" visitedBranchPoints="0" sequenceCoverage="0" branchCoverage="0" maxCyclomaticComplexity="1" minCyclomaticComplexity="1" maxCrapScore="2" minCrapScore="2" visitedClasses="0" numClasses="0" visitedMethods="0" numMethods="0" />
              <MetadataToken>100663362</MetadataToken>
              <Name>System.Void CarModsHeaven.Web.Tests.Controllers.Users.DetailsShould/&lt;&gt;c::.ctor()</Name>
              <SequencePoints />
              <BranchPoints />
              <MethodPoint vc="0" uspid="34" ordinal="0" offset="0" />
            </Method>
            <Method visited="false" cyclomaticComplexity="1" nPathComplexity="0" sequenceCoverage="0" branchCoverage="0" crapScore="2" isConstructor="false" isStatic="false" isGetter="false" isSetter="false">
              <Summary numSequencePoints="4" visitedSequencePoints="0" numBranchPoints="1" visitedBranchPoints="0" sequenceCoverage="0" branchCoverage="0" maxCyclomaticComplexity="1" minCyclomaticComplexity="1" maxCrapScore="2" minCrapScore="2" visitedClasses="0" numClasses="0" visitedMethods="0" numMethods="1" />
              <MetadataToken>100663363</MetadataToken>
              <Name>System.Void CarModsHeaven.Web.Tests.Controllers.Users.DetailsShould/&lt;&gt;c::&lt;InitAutoMapper&gt;b__0_0(AutoMapper.IMapperConfigurationExpression)</Name>
              <FileRef uid="1" />
              <SequencePoints>
                <SequencePoint vc="0" uspid="35" ordinal="0" offset="0" sl="22" sc="13" el="22" ec="14" bec="0" bev="0" fileid="1" />
                <SequencePoint vc="0" uspid="36" ordinal="1" offset="1" sl="23" sc="17" el="23" ec="54" bec="0" bev="0" fileid="1" />
                <SequencePoint vc="0" uspid="37" ordinal="2" offset="8" sl="24" sc="17" el="24" ec="54" bec="0" bev="0" fileid="1" />
                <SequencePoint vc="0" uspid="38" ordinal="3" offset="15" sl="25" sc="13" el="25" ec="14" bec="0" bev="0" fileid="1" />
              </SequencePoints>
              <BranchPoints />
              <MethodPoint xsi:type="SequencePoint" vc="0" uspid="35" ordinal="0" offset="0" sl="22" sc="13" el="22" ec="14" bec="0" bev="0" fileid="1" />
            </Method>
          </Methods>
        </Class>
        <Class>
          <Summary numSequencePoints="0" visitedSequencePoints="0" numBranchPoints="0" visitedBranchPoints="0" sequenceCoverage="0" branchCoverage="0" maxCyclomaticComplexity="1" minCyclomaticComplexity="1" maxCrapScore="2" minCrapScore="2" visitedClasses="0" numClasses="0" visitedMethods="0" numMethods="0" />
          <FullName>CarModsHeaven.Web.Tests.Controllers.Users.DetailsShould/&lt;&gt;c__DisplayClass2_0</FullName>
          <Methods>
            <Method visited="false" cyclomaticComplexity="1" nPathComplexity="0" sequenceCoverage="0" branchCoverage="0" crapScore="2" isConstructor="true" isStatic="false" isGetter="false" isSetter="false">
              <Summary numSequencePoints="0" visitedSequencePoints="0" numBranchPoints="0" visitedBranchPoints="0" sequenceCoverage="0" branchCoverage="0" maxCyclomaticComplexity="1" minCyclomaticComplexity="1" maxCrapScore="2" minCrapScore="2" visitedClasses="0" numClasses="0" visitedMethods="0" numMethods="0" />
              <MetadataToken>100663364</MetadataToken>
              <Name>System.Void CarModsHeaven.Web.Tests.Controllers.Users.DetailsShould/&lt;&gt;c__DisplayClass2_0::.ctor()</Name>
              <SequencePoints />
              <BranchPoints />
              <MethodPoint vc="0" uspid="39" ordinal="0" offset="0" />
            </Method>
          </Methods>
        </Class>
        <Class>
          <Summary numSequencePoints="0" visitedSequencePoints="0" numBranchPoints="0" visitedBranchPoints="0" sequenceCoverage="0" branchCoverage="0" maxCyclomaticComplexity="1" minCyclomaticComplexity="1" maxCrapScore="2" minCrapScore="2" visitedClasses="0" numClasses="0" visitedMethods="0" numMethods="0" />
          <FullName>CarModsHeaven.Web.Tests.Controllers.Users.DetailsShould/&lt;&gt;c__DisplayClass3_0</FullName>
          <Methods>
            <Method visited="false" cyclomaticComplexity="1" nPathComplexity="0" sequenceCoverage="0" branchCoverage="0" crapScore="2" isConstructor="true" isStatic="false" isGetter="false" isSetter="false">
              <Summary numSequencePoints="0" visitedSequencePoints="0" numBranchPoints="0" visitedBranchPoints="0" sequenceCoverage="0" branchCoverage="0" maxCyclomaticComplexity="1" minCyclomaticComplexity="1" maxCrapScore="2" minCrapScore="2" visitedClasses="0" numClasses="0" visitedMethods="0" numMethods="0" />
              <MetadataToken>100663365</MetadataToken>
              <Name>System.Void CarModsHeaven.Web.Tests.Controllers.Users.DetailsShould/&lt;&gt;c__DisplayClass3_0::.ctor()</Name>
              <SequencePoints />
              <BranchPoints />
              <MethodPoint vc="0" uspid="40" ordinal="0" offset="0" />
            </Method>
          </Methods>
        </Class>
        <Class>
          <Summary numSequencePoints="18" visitedSequencePoints="0" numBranchPoints="3" visitedBranchPoints="0" sequenceCoverage="0" branchCoverage="0" maxCyclomaticComplexity="2" minCyclomaticComplexity="1" maxCrapScore="6" minCrapScore="2" visitedClasses="0" numClasses="1" visitedMethods="0" numMethods="3" />
          <FullName>CarModsHeaven.Web.Tests.Controllers.Users.IndexShould</FullName>
          <Methods>
            <Method visited="false" cyclomaticComplexity="1" nPathComplexity="0" sequenceCoverage="0" branchCoverage="0" crapScore="2" isConstructor="false" isStatic="false" isGetter="false" isSetter="false">
              <Summary numSequencePoints="7" visitedSequencePoints="0" numBranchPoints="1" visitedBranchPoints="0" sequenceCoverage="0" branchCoverage="0" maxCyclomaticComplexity="1" minCyclomaticComplexity="1" maxCrapScore="2" minCrapScore="2" visitedClasses="0" numClasses="0" visitedMethods="0" numMethods="1" />
              <MetadataToken>100663302</MetadataToken>
              <Name>System.Void CarModsHeaven.Web.Tests.Controllers.Users.IndexShould::RenderDefaultView()</Name>
              <FileRef uid="3" />
              <SequencePoints>
                <SequencePoint vc="0" uspid="41" ordinal="0" offset="0" sl="17" sc="9" el="17" ec="10" bec="0" bev="0" fileid="3" />
                <SequencePoint vc="0" uspid="42" ordinal="1" offset="1" sl="19" sc="13" el="19" ec="71" bec="0" bev="0" fileid="3" />
                <SequencePoint vc="0" uspid="43" ordinal="2" offset="7" sl="20" sc="13" el="20" ec="65" bec="0" bev="0" fileid="3" />
                <SequencePoint vc="0" uspid="44" ordinal="3" offset="13" sl="21" sc="13" el="21" ec="37" bec="0" bev="0" fileid="3" />
                <SequencePoint vc="0" uspid="45" ordinal="4" offset="20" sl="24" sc="13" el="24" ec="89" bec="0" bev="0" fileid="3" />
                <SequencePoint vc="0" uspid="46" ordinal="5" offset="28" sl="27" sc="13" el="29" ec="44" bec="0" bev="0" fileid="3" />
                <SequencePoint vc="0" uspid="47" ordinal="6" offset="102" sl="30" sc="9" el="30" ec="10" bec="0" bev="0" fileid="3" />
              </SequencePoints>
              <BranchPoints />
              <MethodPoint xsi:type="SequencePoint" vc="0" uspid="41" ordinal="0" offset="0" sl="17" sc="9" el="17" ec="10" bec="0" bev="0" fileid="3" />
            </Method>
            <Method visited="false" cyclomaticComplexity="1" nPathComplexity="0" sequenceCoverage="0" branchCoverage="0" crapScore="2" isConstructor="false" isStatic="false" isGetter="false" isSetter="false">
              <Summary numSequencePoints="8" visitedSequencePoints="0" numBranchPoints="1" visitedBranchPoints="0" sequenceCoverage="0" branchCoverage="0" maxCyclomaticComplexity="1" minCyclomaticComplexity="1" maxCrapScore="2" minCrapScore="2" visitedClasses="0" numClasses="0" visitedMethods="0" numMethods="1" />
              <MetadataToken>100663303</MetadataToken>
              <Name>System.Void CarModsHeaven.Web.Tests.Controllers.Users.IndexShould::CallUsersServiceMethodGetAll()</Name>
              <FileRef uid="3" />
              <SequencePoints>
                <SequencePoint vc="0" uspid="48" ordinal="0" offset="6" sl="34" sc="9" el="34" ec="10" bec="0" bev="0" fileid="3" />
                <SequencePoint vc="0" uspid="49" ordinal="1" offset="7" sl="36" sc="13" el="36" ec="71" bec="0" bev="0" fileid="3" />
                <SequencePoint vc="0" uspid="50" ordinal="2" offset="13" sl="37" sc="13" el="37" ec="65" bec="0" bev="0" fileid="3" />
                <SequencePoint vc="0" uspid="51" ordinal="3" offset="24" sl="38" sc="13" el="38" ec="37" bec="0" bev="0" fileid="3" />
                <SequencePoint vc="0" uspid="52" ordinal="4" offset="31" sl="41" sc="13" el="41" ec="89" bec="0" bev="0" fileid="3" />
                <SequencePoint vc="0" uspid="53" ordinal="5" offset="44" sl="42" sc="13" el="42" ec="32" bec="0" bev="0" fileid="3" />
                <SequencePoint vc="0" uspid="54" ordinal="6" offset="51" sl="45" sc="13" el="45" ec="73" bec="0" bev="0" fileid="3" />
                <SequencePoint vc="0" uspid="55" ordinal="7" offset="129" sl="46" sc="9" el="46" ec="10" bec="0" bev="0" fileid="3" />
              </SequencePoints>
              <BranchPoints />
              <MethodPoint vc="0" uspid="56" ordinal="0" offset="0" />
            </Method>
            <Method visited="false" cyclomaticComplexity="2" nPathComplexity="0" sequenceCoverage="0" branchCoverage="0" crapScore="6" isConstructor="false" isStatic="false" isGetter="false" isSetter="false">
              <Summary numSequencePoints="3" visitedSequencePoints="0" numBranchPoints="1" visitedBranchPoints="0" sequenceCoverage="0" branchCoverage="0" maxCyclomaticComplexity="2" minCyclomaticComplexity="2" maxCrapScore="6" minCrapScore="6" visitedClasses="0" numClasses="0" visitedMethods="0" numMethods="1" />
              <MetadataToken>100663304</MetadataToken>
              <Name>System.Void CarModsHeaven.Web.Tests.Controllers.Users.IndexShould::InitializeMapper()</Name>
              <FileRef uid="3" />
              <SequencePoints>
                <SequencePoint vc="0" uspid="57" ordinal="0" offset="0" sl="49" sc="9" el="49" ec="10" bec="0" bev="0" fileid="3" />
                <SequencePoint vc="0" uspid="58" ordinal="1" offset="1" sl="50" sc="13" el="54" ec="15" bec="0" bev="0" fileid="3" />
                <SequencePoint vc="0" uspid="59" ordinal="2" offset="38" sl="55" sc="9" el="55" ec="10" bec="0" bev="0" fileid="3" />
              </SequencePoints>
              <BranchPoints />
              <MethodPoint xsi:type="SequencePoint" vc="0" uspid="57" ordinal="0" offset="0" sl="49" sc="9" el="49" ec="10" bec="0" bev="0" fileid="3" />
            </Method>
            <Method visited="false" cyclomaticComplexity="1" nPathComplexity="0" sequenceCoverage="0" branchCoverage="0" crapScore="2" isConstructor="true" isStatic="false" isGetter="false" isSetter="false">
              <Summary numSequencePoints="0" visitedSequencePoints="0" numBranchPoints="0" visitedBranchPoints="0" sequenceCoverage="0" branchCoverage="0" maxCyclomaticComplexity="1" minCyclomaticComplexity="1" maxCrapScore="2" minCrapScore="2" visitedClasses="0" numClasses="0" visitedMethods="0" numMethods="0" />
              <MetadataToken>100663305</MetadataToken>
              <Name>System.Void CarModsHeaven.Web.Tests.Controllers.Users.IndexShould::.ctor()</Name>
              <SequencePoints />
              <BranchPoints />
              <MethodPoint vc="0" uspid="62" ordinal="0" offset="0" />
            </Method>
          </Methods>
        </Class>
        <Class>
          <Summary numSequencePoints="0" visitedSequencePoints="0" numBranchPoints="0" visitedBranchPoints="0" sequenceCoverage="0" branchCoverage="0" maxCyclomaticComplexity="1" minCyclomaticComplexity="1" maxCrapScore="2" minCrapScore="2" visitedClasses="0" numClasses="0" visitedMethods="0" numMethods="0" />
          <FullName>CarModsHeaven.Web.Tests.Controllers.Users.IndexShould/&lt;&gt;c__DisplayClass1_0</FullName>
          <Methods>
            <Method visited="false" cyclomaticComplexity="1" nPathComplexity="0" sequenceCoverage="0" branchCoverage="0" crapScore="2" isConstructor="true" isStatic="false" isGetter="false" isSetter="false">
              <Summary numSequencePoints="0" visitedSequencePoints="0" numBranchPoints="0" visitedBranchPoints="0" sequenceCoverage="0" branchCoverage="0" maxCyclomaticComplexity="1" minCyclomaticComplexity="1" maxCrapScore="2" minCrapScore="2" visitedClasses="0" numClasses="0" visitedMethods="0" numMethods="0" />
              <MetadataToken>100663366</MetadataToken>
              <Name>System.Void CarModsHeaven.Web.Tests.Controllers.Users.IndexShould/&lt;&gt;c__DisplayClass1_0::.ctor()</Name>
              <SequencePoints />
              <BranchPoints />
              <MethodPoint vc="0" uspid="63" ordinal="0" offset="0" />
            </Method>
          </Methods>
        </Class>
        <Class>
          <Summary numSequencePoints="2" visitedSequencePoints="0" numBranchPoints="2" visitedBranchPoints="0" sequenceCoverage="0" branchCoverage="0" maxCyclomaticComplexity="2" minCyclomaticComplexity="1" maxCrapScore="6" minCrapScore="2" visitedClasses="0" numClasses="1" visitedMethods="0" numMethods="2" />
          <FullName>CarModsHeaven.Web.Tests.Controllers.Users.IndexShould/&lt;&gt;c</FullName>
          <Methods>
            <Method visited="false" cyclomaticComplexity="1" nPathComplexity="0" sequenceCoverage="0" branchCoverage="0" crapScore="2" isConstructor="true" isStatic="true" isGetter="false" isSetter="false">
              <Summary numSequencePoints="0" visitedSequencePoints="0" numBranchPoints="0" visitedBranchPoints="0" sequenceCoverage="0" branchCoverage="0" maxCyclomaticComplexity="1" minCyclomaticComplexity="1" maxCrapScore="2" minCrapScore="2" visitedClasses="0" numClasses="0" visitedMethods="0" numMethods="0" />
              <MetadataToken>100663367</MetadataToken>
              <Name>System.Void CarModsHeaven.Web.Tests.Controllers.Users.IndexShould/&lt;&gt;c::.cctor()</Name>
              <SequencePoints />
              <BranchPoints />
              <MethodPoint vc="0" uspid="64" ordinal="0" offset="0" />
            </Method>
            <Method visited="false" cyclomaticComplexity="1" nPathComplexity="0" sequenceCoverage="0" branchCoverage="0" crapScore="2" isConstructor="true" isStatic="false" isGetter="false" isSetter="false">
              <Summary numSequencePoints="0" visitedSequencePoints="0" numBranchPoints="0" visitedBranchPoints="0" sequenceCoverage="0" branchCoverage="0" maxCyclomaticComplexity="1" minCyclomaticComplexity="1" maxCrapScore="2" minCrapScore="2" visitedClasses="0" numClasses="0" visitedMethods="0" numMethods="0" />
              <MetadataToken>100663368</MetadataToken>
              <Name>System.Void CarModsHeaven.Web.Tests.Controllers.Users.IndexShould/&lt;&gt;c::.ctor()</Name>
              <SequencePoints />
              <BranchPoints />
              <MethodPoint vc="0" uspid="65" ordinal="0" offset="0" />
            </Method>
            <Method visited="false" cyclomaticComplexity="2" nPathComplexity="0" sequenceCoverage="0" branchCoverage="0" crapScore="6" isConstructor="false" isStatic="false" isGetter="false" isSetter="false">
              <Summary numSequencePoints="1" visitedSequencePoints="0" numBranchPoints="1" visitedBranchPoints="0" sequenceCoverage="0" branchCoverage="0" maxCyclomaticComplexity="2" minCyclomaticComplexity="2" maxCrapScore="6" minCrapScore="6" visitedClasses="0" numClasses="0" visitedMethods="0" numMethods="1" />
              <MetadataToken>100663369</MetadataToken>
              <Name>System.Void CarModsHeaven.Web.Tests.Controllers.Users.IndexShould/&lt;&gt;c::&lt;InitializeMapper&gt;b__2_0(AutoMapper.IMapperConfigurationExpression)</Name>
              <FileRef uid="3" />
              <SequencePoints>
                <SequencePoint vc="0" uspid="66" ordinal="0" offset="0" sl="51" sc="21" el="53" ec="71" bec="0" bev="0" fileid="3" />
              </SequencePoints>
              <BranchPoints />
              <MethodPoint xsi:type="SequencePoint" vc="0" uspid="66" ordinal="0" offset="0" sl="51" sc="21" el="53" ec="71" bec="0" bev="0" fileid="3" />
            </Method>
            <Method visited="false" cyclomaticComplexity="1" nPathComplexity="0" sequenceCoverage="0" branchCoverage="0" crapScore="2" isConstructor="false" isStatic="false" isGetter="false" isSetter="false">
              <Summary numSequencePoints="1" visitedSequencePoints="0" numBranchPoints="1" visitedBranchPoints="0" sequenceCoverage="0" branchCoverage="0" maxCyclomaticComplexity="1" minCyclomaticComplexity="1" maxCrapScore="2" minCrapScore="2" visitedClasses="0" numClasses="0" visitedMethods="0" numMethods="1" />
              <MetadataToken>100663370</MetadataToken>
              <Name>System.Void CarModsHeaven.Web.Tests.Controllers.Users.IndexShould/&lt;&gt;c::&lt;InitializeMapper&gt;b__2_1(AutoMapper.IMemberConfigurationExpression`3&lt;CarModsHeaven.Data.Models.User,CarModsHeaven.Web.Models.UsersList.UserViewModel,System.String&gt;)</Name>
              <FileRef uid="3" />
              <SequencePoints>
                <SequencePoint vc="0" uspid="69" ordinal="0" offset="0" sl="53" sc="36" el="53" ec="70" bec="0" bev="0" fileid="3" />
              </SequencePoints>
              <BranchPoints />
              <MethodPoint xsi:type="SequencePoint" vc="0" uspid="69" ordinal="0" offset="0" sl="53" sc="36" el="53" ec="70" bec="0" bev="0" fileid="3" />
            </Method>
          </Methods>
        </Class>
        <Class>
          <Summary numSequencePoints="22" visitedSequencePoints="0" numBranchPoints="4" visitedBranchPoints="0" sequenceCoverage="0" branchCoverage="0" maxCyclomaticComplexity="1" minCyclomaticComplexity="1" maxCrapScore="2" minCrapScore="2" visitedClasses="0" numClasses="1" visitedMethods="0" numMethods="4" />
          <FullName>CarModsHeaven.Web.Tests.Controllers.Projects.ConstructorShould</FullName>
          <Methods>
            <Method visited="false" cyclomaticComplexity="1" nPathComplexity="0" sequenceCoverage="0" branchCoverage="0" crapScore="2" isConstructor="false" isStatic="false" isGetter="false" isSetter="false">
              <Summary numSequencePoints="5" visitedSequencePoints="0" numBranchPoints="1" visitedBranchPoints="0" sequenceCoverage="0" branchCoverage="0" maxCyclomaticComplexity="1" minCyclomaticComplexity="1" maxCrapScore="2" minCrapScore="2" visitedClasses="0" numClasses="0" visitedMethods="0" numMethods="1" />
              <MetadataToken>100663306</MetadataToken>
              <Name>System.Void CarModsHeaven.Web.Tests.Controllers.Projects.ConstructorShould::ThrowWhenProjectsServiceIsNull()</Name>
              <FileRef uid="5" />
              <SequencePoints>
                <SequencePoint vc="0" uspid="70" ordinal="0" offset="6" sl="15" sc="9" el="15" ec="10" bec="0" bev="0" fileid="5" />
                <SequencePoint vc="0" uspid="71" ordinal="1" offset="7" sl="17" sc="13" el="17" ec="65" bec="0" bev="0" fileid="5" />
                <SequencePoint vc="0" uspid="72" ordinal="2" offset="18" sl="18" sc="13" el="18" ec="57" bec="0" bev="0" fileid="5" />
                <SequencePoint vc="0" uspid="73" ordinal="3" offset="29" sl="21" sc="13" el="21" ec="123" bec="0" bev="0" fileid="5" />
                <SequencePoint vc="0" uspid="74" ordinal="4" offset="47" sl="22" sc="9" el="22" ec="10" bec="0" bev="0" fileid="5" />
              </SequencePoints>
              <BranchPoints />
              <MethodPoint vc="0" uspid="75" ordinal="0" offset="0" />
            </Method>
            <Method visited="false" cyclomaticComplexity="1" nPathComplexity="0" sequenceCoverage="0" branchCoverage="0" crapScore="2" isConstructor="false" isStatic="false" isGetter="false" isSetter="false">
              <Summary numSequencePoints="5" visitedSequencePoints="0" numBranchPoints="1" visitedBranchPoints="0" sequenceCoverage="0" branchCoverage="0" maxCyclomaticComplexity="1" minCyclomaticComplexity="1" maxCrapScore="2" minCrapScore="2" visitedClasses="0" numClasses="0" visitedMethods="0" numMethods="1" />
              <MetadataToken>100663307</MetadataToken>
              <Name>System.Void CarModsHeaven.Web.Tests.Controllers.Projects.ConstructorShould::ThrowWhenUsersServiceIsNull()</Name>
              <FileRef uid="5" />
              <SequencePoints>
                <SequencePoint vc="0" uspid="76" ordinal="0" offset="6" sl="26" sc="9" el="26" ec="10" bec="0" bev="0" fileid="5" />
                <SequencePoint vc="0" uspid="77" ordinal="1" offset="7" sl="28" sc="13" el="28" ec="72" bec="0" bev="0" fileid="5" />
                <SequencePoint vc="0" uspid="78" ordinal="2" offset="18" sl="29" sc="13" el="29" ec="57" bec="0" bev="0" fileid="5" />
                <SequencePoint vc="0" uspid="79" ordinal="3" offset="29" sl="32" sc="13" el="32" ec="127" bec="0" bev="0" fileid="5" />
                <SequencePoint vc="0" uspid="80" ordinal="4" offset="47" sl="33" sc="9" el="33" ec="10" bec="0" bev="0" fileid="5" />
              </SequencePoints>
              <BranchPoints />
              <MethodPoint vc="0" uspid="81" ordinal="0" offset="0" />
            </Method>
            <Method visited="false" cyclomaticComplexity="1" nPathComplexity="0" sequenceCoverage="0" branchCoverage="0" crapScore="2" isConstructor="false" isStatic="false" isGetter="false" isSetter="false">
              <Summary numSequencePoints="7" visitedSequencePoints="0" numBranchPoints="1" visitedBranchPoints="0" sequenceCoverage="0" branchCoverage="0" maxCyclomaticComplexity="1" minCyclomaticComplexity="1" maxCrapScore="2" minCrapScore="2" visitedClasses="0" numClasses="0" visitedMethods="0" numMethods="1" />
              <MetadataToken>100663308</MetadataToken>
              <Name>System.Void CarModsHeaven.Web.Tests.Controllers.Projects.ConstructorShould::SetPassedDataCorrectlyWhenDataIsNotNull()</Name>
              <FileRef uid="5" />
              <SequencePoints>
                <SequencePoint vc="0" uspid="82" ordinal="0" offset="0" sl="37" sc="9" el="37" ec="10" bec="0" bev="0" fileid="5" />
                <SequencePoint vc="0" uspid="83" ordinal="1" offset="1" sl="39" sc="13" el="39" ec="72" bec="0" bev="0" fileid="5" />
                <SequencePoint vc="0" uspid="84" ordinal="2" offset="7" sl="40" sc="13" el="40" ec="65" bec="0" bev="0" fileid="5" />
                <SequencePoint vc="0" uspid="85" ordinal="3" offset="13" sl="41" sc="13" el="41" ec="57" bec="0" bev="0" fileid="5" />
                <SequencePoint vc="0" uspid="86" ordinal="4" offset="19" sl="44" sc="13" el="44" ec="103" bec="0" bev="0" fileid="5" />
                <SequencePoint vc="0" uspid="87" ordinal="5" offset="28" sl="47" sc="13" el="47" ec="42" bec="0" bev="0" fileid="5" />
                <SequencePoint vc="0" uspid="88" ordinal="6" offset="35" sl="48" sc="9" el="48" ec="10" bec="0" bev="0" fileid="5" />
              </SequencePoints>
              <BranchPoints />
              <MethodPoint xsi:type="SequencePoint" vc="0" uspid="82" ordinal="0" offset="0" sl="37" sc="9" el="37" ec="10" bec="0" bev="0" fileid="5" />
            </Method>
            <Method visited="false" cyclomaticComplexity="1" nPathComplexity="0" sequenceCoverage="0" branchCoverage="0" crapScore="2" isConstructor="false" isStatic="false" isGetter="false" isSetter="false">
              <Summary numSequencePoints="5" visitedSequencePoints="0" numBranchPoints="1" visitedBranchPoints="0" sequenceCoverage="0" branchCoverage="0" maxCyclomaticComplexity="1" minCyclomaticComplexity="1" maxCrapScore="2" minCrapScore="2" visitedClasses="0" numClasses="0" visitedMethods="0" numMethods="1" />
              <MetadataToken>100663309</MetadataToken>
              <Name>System.Void CarModsHeaven.Web.Tests.Controllers.Projects.ConstructorShould::ThrowWhenAuthProviderIsNull()</Name>
              <FileRef uid="5" />
              <SequencePoints>
                <SequencePoint vc="0" uspid="89" ordinal="0" offset="6" sl="52" sc="9" el="52" ec="10" bec="0" bev="0" fileid="5" />
                <SequencePoint vc="0" uspid="90" ordinal="1" offset="7" sl="54" sc="13" el="54" ec="72" bec="0" bev="0" fileid="5" />
                <SequencePoint vc="0" uspid="91" ordinal="2" offset="18" sl="55" sc="13" el="55" ec="65" bec="0" bev="0" fileid="5" />
                <SequencePoint vc="0" uspid="92" ordinal="3" offset="29" sl="58" sc="13" el="58" ec="135" bec="0" bev="0" fileid="5" />
                <SequencePoint vc="0" uspid="93" ordinal="4" offset="47" sl="59" sc="9" el="59" ec="10" bec="0" bev="0" fileid="5" />
              </SequencePoints>
              <BranchPoints />
              <MethodPoint vc="0" uspid="94" ordinal="0" offset="0" />
            </Method>
            <Method visited="false" cyclomaticComplexity="1" nPathComplexity="0" sequenceCoverage="0" branchCoverage="0" crapScore="2" isConstructor="true" isStatic="false" isGetter="false" isSetter="false">
              <Summary numSequencePoints="0" visitedSequencePoints="0" numBranchPoints="0" visitedBranchPoints="0" sequenceCoverage="0" branchCoverage="0" maxCyclomaticComplexity="1" minCyclomaticComplexity="1" maxCrapScore="2" minCrapScore="2" visitedClasses="0" numClasses="0" visitedMethods="0" numMethods="0" />
              <MetadataToken>100663310</MetadataToken>
              <Name>System.Void CarModsHeaven.Web.Tests.Controllers.Projects.ConstructorShould::.ctor()</Name>
              <SequencePoints />
              <BranchPoints />
              <MethodPoint vc="0" uspid="95" ordinal="0" offset="0" />
            </Method>
          </Methods>
        </Class>
        <Class>
          <Summary numSequencePoints="1" visitedSequencePoints="0" numBranchPoints="1" visitedBranchPoints="0" sequenceCoverage="0" branchCoverage="0" maxCyclomaticComplexity="1" minCyclomaticComplexity="1" maxCrapScore="2" minCrapScore="2" visitedClasses="0" numClasses="1" visitedMethods="0" numMethods="1" />
          <FullName>CarModsHeaven.Web.Tests.Controllers.Projects.ConstructorShould/&lt;&gt;c__DisplayClass0_0</FullName>
          <Methods>
            <Method visited="false" cyclomaticComplexity="1" nPathComplexity="0" sequenceCoverage="0" branchCoverage="0" crapScore="2" isConstructor="true" isStatic="false" isGetter="false" isSetter="false">
              <Summary numSequencePoints="0" visitedSequencePoints="0" numBranchPoints="0" visitedBranchPoints="0" sequenceCoverage="0" branchCoverage="0" maxCyclomaticComplexity="1" minCyclomaticComplexity="1" maxCrapScore="2" minCrapScore="2" visitedClasses="0" numClasses="0" visitedMethods="0" numMethods="0" />
              <MetadataToken>100663371</MetadataToken>
              <Name>System.Void CarModsHeaven.Web.Tests.Controllers.Projects.ConstructorShould/&lt;&gt;c__DisplayClass0_0::.ctor()</Name>
              <SequencePoints />
              <BranchPoints />
              <MethodPoint vc="0" uspid="96" ordinal="0" offset="0" />
            </Method>
            <Method visited="false" cyclomaticComplexity="1" nPathComplexity="0" sequenceCoverage="0" branchCoverage="0" crapScore="2" isConstructor="false" isStatic="false" isGetter="false" isSetter="false">
              <Summary numSequencePoints="1" visitedSequencePoints="0" numBranchPoints="1" visitedBranchPoints="0" sequenceCoverage="0" branchCoverage="0" maxCyclomaticComplexity="1" minCyclomaticComplexity="1" maxCrapScore="2" minCrapScore="2" visitedClasses="0" numClasses="0" visitedMethods="0" numMethods="1" />
              <MetadataToken>100663372</MetadataToken>
              <Name>System.Object CarModsHeaven.Web.Tests.Controllers.Projects.ConstructorShould/&lt;&gt;c__DisplayClass0_0::&lt;ThrowWhenProjectsServiceIsNull&gt;b__0()</Name>
              <FileRef uid="5" />
              <SequencePoints>
                <SequencePoint vc="0" uspid="97" ordinal="0" offset="0" sl="21" sc="65" el="21" ec="121" bec="0" bev="0" fileid="5" />
              </SequencePoints>
              <BranchPoints />
              <MethodPoint xsi:type="SequencePoint" vc="0" uspid="97" ordinal="0" offset="0" sl="21" sc="65" el="21" ec="121" bec="0" bev="0" fileid="5" />
            </Method>
          </Methods>
        </Class>
        <Class>
          <Summary numSequencePoints="1" visitedSequencePoints="0" numBranchPoints="1" visitedBranchPoints="0" sequenceCoverage="0" branchCoverage="0" maxCyclomaticComplexity="1" minCyclomaticComplexity="1" maxCrapScore="2" minCrapScore="2" visitedClasses="0" numClasses="1" visitedMethods="0" numMethods="1" />
          <FullName>CarModsHeaven.Web.Tests.Controllers.Projects.ConstructorShould/&lt;&gt;c__DisplayClass1_0</FullName>
          <Methods>
            <Method visited="false" cyclomaticComplexity="1" nPathComplexity="0" sequenceCoverage="0" branchCoverage="0" crapScore="2" isConstructor="true" isStatic="false" isGetter="false" isSetter="false">
              <Summary numSequencePoints="0" visitedSequencePoints="0" numBranchPoints="0" visitedBranchPoints="0" sequenceCoverage="0" branchCoverage="0" maxCyclomaticComplexity="1" minCyclomaticComplexity="1" maxCrapScore="2" minCrapScore="2" visitedClasses="0" numClasses="0" visitedMethods="0" numMethods="0" />
              <MetadataToken>100663373</MetadataToken>
              <Name>System.Void CarModsHeaven.Web.Tests.Controllers.Projects.ConstructorShould/&lt;&gt;c__DisplayClass1_0::.ctor()</Name>
              <SequencePoints />
              <BranchPoints />
              <MethodPoint vc="0" uspid="98" ordinal="0" offset="0" />
            </Method>
            <Method visited="false" cyclomaticComplexity="1" nPathComplexity="0" sequenceCoverage="0" branchCoverage="0" crapScore="2" isConstructor="false" isStatic="false" isGetter="false" isSetter="false">
              <Summary numSequencePoints="1" visitedSequencePoints="0" numBranchPoints="1" visitedBranchPoints="0" sequenceCoverage="0" branchCoverage="0" maxCyclomaticComplexity="1" minCyclomaticComplexity="1" maxCrapScore="2" minCrapScore="2" visitedClasses="0" numClasses="0" visitedMethods="0" numMethods="1" />
              <MetadataToken>100663374</MetadataToken>
              <Name>System.Object CarModsHeaven.Web.Tests.Controllers.Projects.ConstructorShould/&lt;&gt;c__DisplayClass1_0::&lt;ThrowWhenUsersServiceIsNull&gt;b__0()</Name>
              <FileRef uid="5" />
              <SequencePoints>
                <SequencePoint vc="0" uspid="99" ordinal="0" offset="0" sl="32" sc="65" el="32" ec="125" bec="0" bev="0" fileid="5" />
              </SequencePoints>
              <BranchPoints />
              <MethodPoint xsi:type="SequencePoint" vc="0" uspid="99" ordinal="0" offset="0" sl="32" sc="65" el="32" ec="125" bec="0" bev="0" fileid="5" />
            </Method>
          </Methods>
        </Class>
        <Class>
          <Summary numSequencePoints="1" visitedSequencePoints="0" numBranchPoints="1" visitedBranchPoints="0" sequenceCoverage="0" branchCoverage="0" maxCyclomaticComplexity="1" minCyclomaticComplexity="1" maxCrapScore="2" minCrapScore="2" visitedClasses="0" numClasses="1" visitedMethods="0" numMethods="1" />
          <FullName>CarModsHeaven.Web.Tests.Controllers.Projects.ConstructorShould/&lt;&gt;c__DisplayClass3_0</FullName>
          <Methods>
            <Method visited="false" cyclomaticComplexity="1" nPathComplexity="0" sequenceCoverage="0" branchCoverage="0" crapScore="2" isConstructor="true" isStatic="false" isGetter="false" isSetter="false">
              <Summary numSequencePoints="0" visitedSequencePoints="0" numBranchPoints="0" visitedBranchPoints="0" sequenceCoverage="0" branchCoverage="0" maxCyclomaticComplexity="1" minCyclomaticComplexity="1" maxCrapScore="2" minCrapScore="2" visitedClasses="0" numClasses="0" visitedMethods="0" numMethods="0" />
              <MetadataToken>100663375</MetadataToken>
              <Name>System.Void CarModsHeaven.Web.Tests.Controllers.Projects.ConstructorShould/&lt;&gt;c__DisplayClass3_0::.ctor()</Name>
              <SequencePoints />
              <BranchPoints />
              <MethodPoint vc="0" uspid="100" ordinal="0" offset="0" />
            </Method>
            <Method visited="false" cyclomaticComplexity="1" nPathComplexity="0" sequenceCoverage="0" branchCoverage="0" crapScore="2" isConstructor="false" isStatic="false" isGetter="false" isSetter="false">
              <Summary numSequencePoints="1" visitedSequencePoints="0" numBranchPoints="1" visitedBranchPoints="0" sequenceCoverage="0" branchCoverage="0" maxCyclomaticComplexity="1" minCyclomaticComplexity="1" maxCrapScore="2" minCrapScore="2" visitedClasses="0" numClasses="0" visitedMethods="0" numMethods="1" />
              <MetadataToken>100663376</MetadataToken>
              <Name>System.Object CarModsHeaven.Web.Tests.Controllers.Projects.ConstructorShould/&lt;&gt;c__DisplayClass3_0::&lt;ThrowWhenAuthProviderIsNull&gt;b__0()</Name>
              <FileRef uid="5" />
              <SequencePoints>
                <SequencePoint vc="0" uspid="101" ordinal="0" offset="0" sl="58" sc="65" el="58" ec="133" bec="0" bev="0" fileid="5" />
              </SequencePoints>
              <BranchPoints />
              <MethodPoint xsi:type="SequencePoint" vc="0" uspid="101" ordinal="0" offset="0" sl="58" sc="65" el="58" ec="133" bec="0" bev="0" fileid="5" />
            </Method>
          </Methods>
        </Class>
        <Class>
          <Summary numSequencePoints="45" visitedSequencePoints="0" numBranchPoints="5" visitedBranchPoints="0" sequenceCoverage="0" branchCoverage="0" maxCyclomaticComplexity="2" minCyclomaticComplexity="1" maxCrapScore="6" minCrapScore="2" visitedClasses="0" numClasses="1" visitedMethods="0" numMethods="5" />
          <FullName>CarModsHeaven.Web.Tests.Controllers.Projects.AddProjectShould</FullName>
          <Methods>
            <Method visited="false" cyclomaticComplexity="2" nPathComplexity="0" sequenceCoverage="0" branchCoverage="0" crapScore="6" isConstructor="false" isStatic="false" isGetter="false" isSetter="false">
              <Summary numSequencePoints="3" visitedSequencePoints="0" numBranchPoints="1" visitedBranchPoints="0" sequenceCoverage="0" branchCoverage="0" maxCyclomaticComplexity="2" minCyclomaticComplexity="2" maxCrapScore="6" minCrapScore="6" visitedClasses="0" numClasses="0" visitedMethods="0" numMethods="1" />
              <MetadataToken>100663311</MetadataToken>
              <Name>System.Void CarModsHeaven.Web.Tests.Controllers.Projects.AddProjectShould::InitAutoMapper()</Name>
              <FileRef uid="9" />
              <SequencePoints>
                <SequencePoint vc="0" uspid="102" ordinal="0" offset="0" sl="21" sc="9" el="21" ec="10" bec="0" bev="0" fileid="9" />
                <SequencePoint vc="0" uspid="103" ordinal="1" offset="1" sl="22" sc="13" el="28" ec="16" bec="0" bev="0" fileid="9" />
                <SequencePoint vc="0" uspid="104" ordinal="2" offset="38" sl="29" sc="9" el="29" ec="10" bec="0" bev="0" fileid="9" />
              </SequencePoints>
              <BranchPoints />
              <MethodPoint xsi:type="SequencePoint" vc="0" uspid="102" ordinal="0" offset="0" sl="21" sc="9" el="21" ec="10" bec="0" bev="0" fileid="9" />
            </Method>
            <Method visited="false" cyclomaticComplexity="1" nPathComplexity="0" sequenceCoverage="0" branchCoverage="0" crapScore="2" isConstructor="false" isStatic="false" isGetter="false" isSetter="false">
              <Summary numSequencePoints="8" visitedSequencePoints="0" numBranchPoints="1" visitedBranchPoints="0" sequenceCoverage="0" branchCoverage="0" maxCyclomaticComplexity="1" minCyclomaticComplexity="1" maxCrapScore="2" minCrapScore="2" visitedClasses="0" numClasses="0" visitedMethods="0" numMethods="1" />
              <MetadataToken>100663312</MetadataToken>
              <Name>System.Void CarModsHeaven.Web.Tests.Controllers.Projects.AddProjectShould::ReturnDefaultView()</Name>
              <FileRef uid="9" />
              <SequencePoints>
                <SequencePoint vc="0" uspid="107" ordinal="0" offset="0" sl="33" sc="9" el="33" ec="10" bec="0" bev="0" fileid="9" />
                <SequencePoint vc="0" uspid="108" ordinal="1" offset="1" sl="35" sc="13" el="35" ec="71" bec="0" bev="0" fileid="9" />
                <SequencePoint vc="0" uspid="109" ordinal="2" offset="7" sl="36" sc="13" el="36" ec="65" bec="0" bev="0" fileid="9" />
                <SequencePoint vc="0" uspid="110" ordinal="3" offset="13" sl="37" sc="13" el="37" ec="57" bec="0" bev="0" fileid="9" />
                <SequencePoint vc="0" uspid="111" ordinal="4" offset="19" sl="38" sc="13" el="38" ec="102" bec="0" bev="0" fileid="9" />
                <SequencePoint vc="0" uspid="112" ordinal="5" offset="28" sl="41" sc="13" el="41" ec="37" bec="0" bev="0" fileid="9" />
                <SequencePoint vc="0" uspid="113" ordinal="6" offset="35" sl="44" sc="13" el="46" ec="44" bec="0" bev="0" fileid="9" />
                <SequencePoint vc="0" uspid="114" ordinal="7" offset="112" sl="47" sc="9" el="47" ec="10" bec="0" bev="0" fileid="9" />
              </SequencePoints>
              <BranchPoints />
              <MethodPoint xsi:type="SequencePoint" vc="0" uspid="107" ordinal="0" offset="0" sl="33" sc="9" el="33" ec="10" bec="0" bev="0" fileid="9" />
            </Method>
            <Method visited="false" cyclomaticComplexity="1" nPathComplexity="0" sequenceCoverage="0" branchCoverage="0" crapScore="2" isConstructor="false" isStatic="false" isGetter="false" isSetter="false">
              <Summary numSequencePoints="9" visitedSequencePoints="0" numBranchPoints="1" visitedBranchPoints="0" sequenceCoverage="0" branchCoverage="0" maxCyclomaticComplexity="1" minCyclomaticComplexity="1" maxCrapScore="2" minCrapScore="2" visitedClasses="0" numClasses="0" visitedMethods="0" numMethods="1" />
              <MetadataToken>100663313</MetadataToken>
              <Name>System.Void CarModsHeaven.Web.Tests.Controllers.Projects.AddProjectShould::ReturnSameViewIfModelIsNotValid()</Name>
              <FileRef uid="9" />
              <SequencePoints>
                <SequencePoint vc="0" uspid="115" ordinal="0" offset="6" sl="51" sc="9" el="51" ec="10" bec="0" bev="0" fileid="9" />
                <SequencePoint vc="0" uspid="116" ordinal="1" offset="7" sl="53" sc="13" el="53" ec="71" bec="0" bev="0" fileid="9" />
                <SequencePoint vc="0" uspid="117" ordinal="2" offset="13" sl="54" sc="13" el="54" ec="65" bec="0" bev="0" fileid="9" />
                <SequencePoint vc="0" uspid="118" ordinal="3" offset="19" sl="55" sc="13" el="55" ec="57" bec="0" bev="0" fileid="9" />
                <SequencePoint vc="0" uspid="119" ordinal="4" offset="25" sl="56" sc="13" el="56" ec="102" bec="0" bev="0" fileid="9" />
                <SequencePoint vc="0" uspid="120" ordinal="5" offset="35" sl="57" sc="13" el="57" ec="51" bec="0" bev="0" fileid="9" />
                <SequencePoint vc="0" uspid="121" ordinal="6" offset="46" sl="60" sc="13" el="60" ec="65" bec="0" bev="0" fileid="9" />
                <SequencePoint vc="0" uspid="122" ordinal="7" offset="69" sl="63" sc="13" el="65" ec="44" bec="0" bev="0" fileid="9" />
                <SequencePoint vc="0" uspid="123" ordinal="8" offset="182" sl="66" sc="9" el="66" ec="10" bec="0" bev="0" fileid="9" />
              </SequencePoints>
              <BranchPoints />
              <MethodPoint vc="0" uspid="124" ordinal="0" offset="0" />
            </Method>
            <Method visited="false" cyclomaticComplexity="1" nPathComplexity="0" sequenceCoverage="0" branchCoverage="0" crapScore="2" isConstructor="false" isStatic="false" isGetter="false" isSetter="false">
              <Summary numSequencePoints="12" visitedSequencePoints="0" numBranchPoints="1" visitedBranchPoints="0" sequenceCoverage="0" branchCoverage="0" maxCyclomaticComplexity="1" minCyclomaticComplexity="1" maxCrapScore="2" minCrapScore="2" visitedClasses="0" numClasses="0" visitedMethods="0" numMethods="1" />
              <MetadataToken>100663314</MetadataToken>
              <Name>System.Void CarModsHeaven.Web.Tests.Controllers.Projects.AddProjectShould::ReturnDetailsViewIfModelIsValid()</Name>
              <FileRef uid="9" />
              <SequencePoints>
                <SequencePoint vc="0" uspid="125" ordinal="0" offset="6" sl="70" sc="9" el="70" ec="10" bec="0" bev="0" fileid="9" />
                <SequencePoint vc="0" uspid="126" ordinal="1" offset="7" sl="72" sc="13" el="72" ec="71" bec="0" bev="0" fileid="9" />
                <SequencePoint vc="0" uspid="127" ordinal="2" offset="18" sl="73" sc="13" el="73" ec="65" bec="0" bev="0" fileid="9" />
                <SequencePoint vc="0" uspid="128" ordinal="3" offset="24" sl="74" sc="13" el="74" ec="57" bec="0" bev="0" fileid="9" />
                <SequencePoint vc="0" uspid="129" ordinal="4" offset="30" sl="75" sc="13" el="75" ec="44" bec="0" bev="0" fileid="9" />
                <SequencePoint vc="0" uspid="130" ordinal="5" offset="41" sl="76" sc="13" el="79" ec="15" bec="0" bev="0" fileid="9" />
                <SequencePoint vc="0" uspid="131" ordinal="6" offset="60" sl="81" sc="13" el="81" ec="102" bec="0" bev="0" fileid="9" />
                <SequencePoint vc="0" uspid="132" ordinal="7" offset="75" sl="82" sc="13" el="82" ec="56" bec="0" bev="0" fileid="9" />
                <SequencePoint vc="0" uspid="133" ordinal="8" offset="90" sl="83" sc="13" el="83" ec="100" bec="0" bev="0" fileid="9" />
                <SequencePoint vc="0" uspid="134" ordinal="9" offset="224" sl="86" sc="13" el="86" ec="43" bec="0" bev="0" fileid="9" />
                <SequencePoint vc="0" uspid="135" ordinal="10" offset="243" sl="89" sc="13" el="91" ec="46" bec="0" bev="0" fileid="9" />
                <SequencePoint vc="0" uspid="136" ordinal="11" offset="376" sl="92" sc="9" el="92" ec="10" bec="0" bev="0" fileid="9" />
              </SequencePoints>
              <BranchPoints />
              <MethodPoint vc="0" uspid="137" ordinal="0" offset="0" />
            </Method>
            <Method visited="false" cyclomaticComplexity="1" nPathComplexity="0" sequenceCoverage="0" branchCoverage="0" crapScore="2" isConstructor="false" isStatic="false" isGetter="false" isSetter="false">
              <Summary numSequencePoints="13" visitedSequencePoints="0" numBranchPoints="1" visitedBranchPoints="0" sequenceCoverage="0" branchCoverage="0" maxCyclomaticComplexity="1" minCyclomaticComplexity="1" maxCrapScore="2" minCrapScore="2" visitedClasses="0" numClasses="0" visitedMethods="0" numMethods="1" />
              <MetadataToken>100663315</MetadataToken>
              <Name>System.Void CarModsHeaven.Web.Tests.Controllers.Projects.AddProjectShould::CallProjectsServiceMethodAddWhenModelIsValid()</Name>
              <FileRef uid="9" />
              <SequencePoints>
                <SequencePoint vc="0" uspid="138" ordinal="0" offset="6" sl="96" sc="9" el="96" ec="10" bec="0" bev="0" fileid="9" />
                <SequencePoint vc="0" uspid="139" ordinal="1" offset="7" sl="98" sc="13" el="98" ec="71" bec="0" bev="0" fileid="9" />
                <SequencePoint vc="0" uspid="140" ordinal="2" offset="18" sl="99" sc="13" el="99" ec="65" bec="0" bev="0" fileid="9" />
                <SequencePoint vc="0" uspid="141" ordinal="3" offset="24" sl="100" sc="13" el="100" ec="57" bec="0" bev="0" fileid="9" />
                <SequencePoint vc="0" uspid="142" ordinal="4" offset="35" sl="102" sc="13" el="102" ec="102" bec="0" bev="0" fileid="9" />
                <SequencePoint vc="0" uspid="143" ordinal="5" offset="54" sl="103" sc="13" el="103" ec="52" bec="0" bev="0" fileid="9" />
                <SequencePoint vc="0" uspid="144" ordinal="6" offset="80" sl="104" sc="13" el="104" ec="41" bec="0" bev="0" fileid="9" />
                <SequencePoint vc="0" uspid="145" ordinal="7" offset="91" sl="105" sc="13" el="105" ec="51" bec="0" bev="0" fileid="9" />
                <SequencePoint vc="0" uspid="146" ordinal="8" offset="97" sl="106" sc="13" el="106" ec="72" bec="0" bev="0" fileid="9" />
                <SequencePoint vc="0" uspid="147" ordinal="9" offset="175" sl="107" sc="13" el="107" ec="74" bec="0" bev="0" fileid="9" />
                <SequencePoint vc="0" uspid="148" ordinal="10" offset="316" sl="110" sc="13" el="110" ec="42" bec="0" bev="0" fileid="9" />
                <SequencePoint vc="0" uspid="149" ordinal="11" offset="324" sl="113" sc="13" el="113" ec="88" bec="0" bev="0" fileid="9" />
                <SequencePoint vc="0" uspid="150" ordinal="12" offset="471" sl="114" sc="9" el="114" ec="10" bec="0" bev="0" fileid="9" />
              </SequencePoints>
              <BranchPoints />
              <MethodPoint vc="0" uspid="151" ordinal="0" offset="0" />
            </Method>
            <Method visited="false" cyclomaticComplexity="1" nPathComplexity="0" sequenceCoverage="0" branchCoverage="0" crapScore="2" isConstructor="true" isStatic="false" isGetter="false" isSetter="false">
              <Summary numSequencePoints="0" visitedSequencePoints="0" numBranchPoints="0" visitedBranchPoints="0" sequenceCoverage="0" branchCoverage="0" maxCyclomaticComplexity="1" minCyclomaticComplexity="1" maxCrapScore="2" minCrapScore="2" visitedClasses="0" numClasses="0" visitedMethods="0" numMethods="0" />
              <MetadataToken>100663316</MetadataToken>
              <Name>System.Void CarModsHeaven.Web.Tests.Controllers.Projects.AddProjectShould::.ctor()</Name>
              <SequencePoints />
              <BranchPoints />
              <MethodPoint vc="0" uspid="152" ordinal="0" offset="0" />
            </Method>
          </Methods>
        </Class>
        <Class>
          <Summary numSequencePoints="6" visitedSequencePoints="0" numBranchPoints="1" visitedBranchPoints="0" sequenceCoverage="0" branchCoverage="0" maxCyclomaticComplexity="1" minCyclomaticComplexity="1" maxCrapScore="2" minCrapScore="2" visitedClasses="0" numClasses="1" visitedMethods="0" numMethods="1" />
          <FullName>CarModsHeaven.Web.Tests.Controllers.Projects.AddProjectShould/&lt;&gt;c</FullName>
          <Methods>
            <Method visited="false" cyclomaticComplexity="1" nPathComplexity="0" sequenceCoverage="0" branchCoverage="0" crapScore="2" isConstructor="true" isStatic="true" isGetter="false" isSetter="false">
              <Summary numSequencePoints="0" visitedSequencePoints="0" numBranchPoints="0" visitedBranchPoints="0" sequenceCoverage="0" branchCoverage="0" maxCyclomaticComplexity="1" minCyclomaticComplexity="1" maxCrapScore="2" minCrapScore="2" visitedClasses="0" numClasses="0" visitedMethods="0" numMethods="0" />
              <MetadataToken>100663377</MetadataToken>
              <Name>System.Void CarModsHeaven.Web.Tests.Controllers.Projects.AddProjectShould/&lt;&gt;c::.cctor()</Name>
              <SequencePoints />
              <BranchPoints />
              <MethodPoint vc="0" uspid="153" ordinal="0" offset="0" />
            </Method>
            <Method visited="false" cyclomaticComplexity="1" nPathComplexity="0" sequenceCoverage="0" branchCoverage="0" crapScore="2" isConstructor="true" isStatic="false" isGetter="false" isSetter="false">
              <Summary numSequencePoints="0" visitedSequencePoints="0" numBranchPoints="0" visitedBranchPoints="0" sequenceCoverage="0" branchCoverage="0" maxCyclomaticComplexity="1" minCyclomaticComplexity="1" maxCrapScore="2" minCrapScore="2" visitedClasses="0" numClasses="0" visitedMethods="0" numMethods="0" />
              <MetadataToken>100663378</MetadataToken>
              <Name>System.Void CarModsHeaven.Web.Tests.Controllers.Projects.AddProjectShould/&lt;&gt;c::.ctor()</Name>
              <SequencePoints />
              <BranchPoints />
              <MethodPoint vc="0" uspid="154" ordinal="0" offset="0" />
            </Method>
            <Method visited="false" cyclomaticComplexity="1" nPathComplexity="0" sequenceCoverage="0" branchCoverage="0" crapScore="2" isConstructor="false" isStatic="false" isGetter="false" isSetter="false">
              <Summary numSequencePoints="6" visitedSequencePoints="0" numBranchPoints="1" visitedBranchPoints="0" sequenceCoverage="0" branchCoverage="0" maxCyclomaticComplexity="1" minCyclomaticComplexity="1" maxCrapScore="2" minCrapScore="2" visitedClasses="0" numClasses="0" visitedMethods="0" numMethods="1" />
              <MetadataToken>100663379</MetadataToken>
              <Name>System.Void CarModsHeaven.Web.Tests.Controllers.Projects.AddProjectShould/&lt;&gt;c::&lt;InitAutoMapper&gt;b__0_0(AutoMapper.IMapperConfigurationExpression)</Name>
              <FileRef uid="9" />
              <SequencePoints>
                <SequencePoint vc="0" uspid="155" ordinal="0" offset="0" sl="23" sc="13" el="23" ec="14" bec="0" bev="0" fileid="9" />
                <SequencePoint vc="0" uspid="156" ordinal="1" offset="1" sl="24" sc="17" el="24" ec="63" bec="0" bev="0" fileid="9" />
                <SequencePoint vc="0" uspid="157" ordinal="2" offset="8" sl="25" sc="17" el="25" ec="63" bec="0" bev="0" fileid="9" />
                <SequencePoint vc="0" uspid="158" ordinal="3" offset="15" sl="26" sc="17" el="26" ec="67" bec="0" bev="0" fileid="9" />
                <SequencePoint vc="0" uspid="159" ordinal="4" offset="22" sl="27" sc="17" el="27" ec="67" bec="0" bev="0" fileid="9" />
                <SequencePoint vc="0" uspid="160" ordinal="5" offset="29" sl="28" sc="13" el="28" ec="14" bec="0" bev="0" fileid="9" />
              </SequencePoints>
              <BranchPoints />
              <MethodPoint xsi:type="SequencePoint" vc="0" uspid="155" ordinal="0" offset="0" sl="23" sc="13" el="23" ec="14" bec="0" bev="0" fileid="9" />
            </Method>
          </Methods>
        </Class>
        <Class>
          <Summary numSequencePoints="0" visitedSequencePoints="0" numBranchPoints="0" visitedBranchPoints="0" sequenceCoverage="0" branchCoverage="0" maxCyclomaticComplexity="1" minCyclomaticComplexity="1" maxCrapScore="2" minCrapScore="2" visitedClasses="0" numClasses="0" visitedMethods="0" numMethods="0" />
          <FullName>CarModsHeaven.Web.Tests.Controllers.Projects.AddProjectShould/&lt;&gt;c__DisplayClass2_0</FullName>
          <Methods>
            <Method visited="false" cyclomaticComplexity="1" nPathComplexity="0" sequenceCoverage="0" branchCoverage="0" crapScore="2" isConstructor="true" isStatic="false" isGetter="false" isSetter="false">
              <Summary numSequencePoints="0" visitedSequencePoints="0" numBranchPoints="0" visitedBranchPoints="0" sequenceCoverage="0" branchCoverage="0" maxCyclomaticComplexity="1" minCyclomaticComplexity="1" maxCrapScore="2" minCrapScore="2" visitedClasses="0" numClasses="0" visitedMethods="0" numMethods="0" />
              <MetadataToken>100663380</MetadataToken>
              <Name>System.Void CarModsHeaven.Web.Tests.Controllers.Projects.AddProjectShould/&lt;&gt;c__DisplayClass2_0::.ctor()</Name>
              <SequencePoints />
              <BranchPoints />
              <MethodPoint vc="0" uspid="161" ordinal="0" offset="0" />
            </Method>
          </Methods>
        </Class>
        <Class>
          <Summary numSequencePoints="0" visitedSequencePoints="0" numBranchPoints="0" visitedBranchPoints="0" sequenceCoverage="0" branchCoverage="0" maxCyclomaticComplexity="1" minCyclomaticComplexity="1" maxCrapScore="2" minCrapScore="2" visitedClasses="0" numClasses="0" visitedMethods="0" numMethods="0" />
          <FullName>CarModsHeaven.Web.Tests.Controllers.Projects.AddProjectShould/&lt;&gt;c__DisplayClass3_0</FullName>
          <Methods>
            <Method visited="false" cyclomaticComplexity="1" nPathComplexity="0" sequenceCoverage="0" branchCoverage="0" crapScore="2" isConstructor="true" isStatic="false" isGetter="false" isSetter="false">
              <Summary numSequencePoints="0" visitedSequencePoints="0" numBranchPoints="0" visitedBranchPoints="0" sequenceCoverage="0" branchCoverage="0" maxCyclomaticComplexity="1" minCyclomaticComplexity="1" maxCrapScore="2" minCrapScore="2" visitedClasses="0" numClasses="0" visitedMethods="0" numMethods="0" />
              <MetadataToken>100663381</MetadataToken>
              <Name>System.Void CarModsHeaven.Web.Tests.Controllers.Projects.AddProjectShould/&lt;&gt;c__DisplayClass3_0::.ctor()</Name>
              <SequencePoints />
              <BranchPoints />
              <MethodPoint vc="0" uspid="162" ordinal="0" offset="0" />
            </Method>
          </Methods>
        </Class>
        <Class>
          <Summary numSequencePoints="0" visitedSequencePoints="0" numBranchPoints="0" visitedBranchPoints="0" sequenceCoverage="0" branchCoverage="0" maxCyclomaticComplexity="1" minCyclomaticComplexity="1" maxCrapScore="2" minCrapScore="2" visitedClasses="0" numClasses="0" visitedMethods="0" numMethods="0" />
          <FullName>CarModsHeaven.Web.Tests.Controllers.Projects.AddProjectShould/&lt;&gt;c__DisplayClass4_0</FullName>
          <Methods>
            <Method visited="false" cyclomaticComplexity="1" nPathComplexity="0" sequenceCoverage="0" branchCoverage="0" crapScore="2" isConstructor="true" isStatic="false" isGetter="false" isSetter="false">
              <Summary numSequencePoints="0" visitedSequencePoints="0" numBranchPoints="0" visitedBranchPoints="0" sequenceCoverage="0" branchCoverage="0" maxCyclomaticComplexity="1" minCyclomaticComplexity="1" maxCrapScore="2" minCrapScore="2" visitedClasses="0" numClasses="0" visitedMethods="0" numMethods="0" />
              <MetadataToken>100663382</MetadataToken>
              <Name>System.Void CarModsHeaven.Web.Tests.Controllers.Projects.AddProjectShould/&lt;&gt;c__DisplayClass4_0::.ctor()</Name>
              <SequencePoints />
              <BranchPoints />
              <MethodPoint vc="0" uspid="163" ordinal="0" offset="0" />
            </Method>
          </Methods>
        </Class>
        <Class>
          <Summary numSequencePoints="52" visitedSequencePoints="0" numBranchPoints="5" visitedBranchPoints="0" sequenceCoverage="0" branchCoverage="0" maxCyclomaticComplexity="2" minCyclomaticComplexity="1" maxCrapScore="6" minCrapScore="2" visitedClasses="0" numClasses="1" visitedMethods="0" numMethods="5" />
          <FullName>CarModsHeaven.Web.Tests.Controllers.Projects.DeleteShould</FullName>
          <Methods>
            <Method visited="false" cyclomaticComplexity="2" nPathComplexity="0" sequenceCoverage="0" branchCoverage="0" crapScore="6" isConstructor="false" isStatic="false" isGetter="false" isSetter="false">
              <Summary numSequencePoints="3" visitedSequencePoints="0" numBranchPoints="1" visitedBranchPoints="0" sequenceCoverage="0" branchCoverage="0" maxCyclomaticComplexity="2" minCyclomaticComplexity="2" maxCrapScore="6" minCrapScore="6" visitedClasses="0" numClasses="0" visitedMethods="0" numMethods="1" />
              <MetadataToken>100663317</MetadataToken>
              <Name>System.Void CarModsHeaven.Web.Tests.Controllers.Projects.DeleteShould::InitAutoMapper()</Name>
              <FileRef uid="11" />
              <SequencePoints>
                <SequencePoint vc="0" uspid="164" ordinal="0" offset="0" sl="21" sc="9" el="21" ec="10" bec="0" bev="0" fileid="11" />
                <SequencePoint vc="0" uspid="165" ordinal="1" offset="1" sl="22" sc="13" el="26" ec="16" bec="0" bev="0" fileid="11" />
                <SequencePoint vc="0" uspid="166" ordinal="2" offset="38" sl="27" sc="9" el="27" ec="10" bec="0" bev="0" fileid="11" />
              </SequencePoints>
              <BranchPoints />
              <MethodPoint xsi:type="SequencePoint" vc="0" uspid="164" ordinal="0" offset="0" sl="21" sc="9" el="21" ec="10" bec="0" bev="0" fileid="11" />
            </Method>
            <Method visited="false" cyclomaticComplexity="1" nPathComplexity="0" sequenceCoverage="0" branchCoverage="0" crapScore="2" isConstructor="false" isStatic="false" isGetter="false" isSetter="false">
              <Summary numSequencePoints="12" visitedSequencePoints="0" numBranchPoints="1" visitedBranchPoints="0" sequenceCoverage="0" branchCoverage="0" maxCyclomaticComplexity="1" minCyclomaticComplexity="1" maxCrapScore="2" minCrapScore="2" visitedClasses="0" numClasses="0" visitedMethods="0" numMethods="1" />
              <MetadataToken>100663318</MetadataToken>
              <Name>System.Void CarModsHeaven.Web.Tests.Controllers.Projects.DeleteShould::ReturnErrorViewWhenProjectIsNotFound()</Name>
              <FileRef uid="11" />
              <SequencePoints>
                <SequencePoint vc="0" uspid="169" ordinal="0" offset="6" sl="31" sc="9" el="31" ec="10" bec="0" bev="0" fileid="11" />
                <SequencePoint vc="0" uspid="170" ordinal="1" offset="7" sl="33" sc="13" el="33" ec="71" bec="0" bev="0" fileid="11" />
                <SequencePoint vc="0" uspid="171" ordinal="2" offset="18" sl="34" sc="13" el="34" ec="65" bec="0" bev="0" fileid="11" />
                <SequencePoint vc="0" uspid="172" ordinal="3" offset="24" sl="35" sc="13" el="35" ec="57" bec="0" bev="0" fileid="11" />
                <SequencePoint vc="0" uspid="173" ordinal="4" offset="30" sl="36" sc="13" el="36" ec="44" bec="0" bev="0" fileid="11" />
                <SequencePoint vc="0" uspid="174" ordinal="5" offset="41" sl="37" sc="13" el="40" ec="15" bec="0" bev="0" fileid="11" />
                <SequencePoint vc="0" uspid="175" ordinal="6" offset="60" sl="42" sc="13" el="42" ec="102" bec="0" bev="0" fileid="11" />
                <SequencePoint vc="0" uspid="176" ordinal="7" offset="75" sl="43" sc="13" el="43" ec="49" bec="0" bev="0" fileid="11" />
                <SequencePoint vc="0" uspid="177" ordinal="8" offset="82" sl="44" sc="13" el="44" ec="105" bec="0" bev="0" fileid="11" />
                <SequencePoint vc="0" uspid="178" ordinal="9" offset="216" sl="47" sc="13" el="47" ec="49" bec="0" bev="0" fileid="11" />
                <SequencePoint vc="0" uspid="179" ordinal="10" offset="235" sl="50" sc="13" el="52" ec="44" bec="0" bev="0" fileid="11" />
                <SequencePoint vc="0" uspid="180" ordinal="11" offset="368" sl="53" sc="9" el="53" ec="10" bec="0" bev="0" fileid="11" />
              </SequencePoints>
              <BranchPoints />
              <MethodPoint vc="0" uspid="181" ordinal="0" offset="0" />
            </Method>
            <Method visited="false" cyclomaticComplexity="1" nPathComplexity="0" sequenceCoverage="0" branchCoverage="0" crapScore="2" isConstructor="false" isStatic="false" isGetter="false" isSetter="false">
              <Summary numSequencePoints="12" visitedSequencePoints="0" numBranchPoints="1" visitedBranchPoints="0" sequenceCoverage="0" branchCoverage="0" maxCyclomaticComplexity="1" minCyclomaticComplexity="1" maxCrapScore="2" minCrapScore="2" visitedClasses="0" numClasses="0" visitedMethods="0" numMethods="1" />
              <MetadataToken>100663319</MetadataToken>
              <Name>System.Void CarModsHeaven.Web.Tests.Controllers.Projects.DeleteShould::ReturnDefaultView()</Name>
              <FileRef uid="11" />
              <SequencePoints>
                <SequencePoint vc="0" uspid="182" ordinal="0" offset="6" sl="57" sc="9" el="57" ec="10" bec="0" bev="0" fileid="11" />
                <SequencePoint vc="0" uspid="183" ordinal="1" offset="7" sl="59" sc="13" el="59" ec="71" bec="0" bev="0" fileid="11" />
                <SequencePoint vc="0" uspid="184" ordinal="2" offset="18" sl="60" sc="13" el="60" ec="65" bec="0" bev="0" fileid="11" />
                <SequencePoint vc="0" uspid="185" ordinal="3" offset="24" sl="61" sc="13" el="61" ec="57" bec="0" bev="0" fileid="11" />
                <SequencePoint vc="0" uspid="186" ordinal="4" offset="30" sl="62" sc="13" el="62" ec="44" bec="0" bev="0" fileid="11" />
                <SequencePoint vc="0" uspid="187" ordinal="5" offset="41" sl="63" sc="13" el="66" ec="15" bec="0" bev="0" fileid="11" />
                <SequencePoint vc="0" uspid="188" ordinal="6" offset="60" sl="68" sc="13" el="68" ec="102" bec="0" bev="0" fileid="11" />
                <SequencePoint vc="0" uspid="189" ordinal="7" offset="75" sl="69" sc="13" el="69" ec="56" bec="0" bev="0" fileid="11" />
                <SequencePoint vc="0" uspid="190" ordinal="8" offset="90" sl="70" sc="13" el="70" ec="100" bec="0" bev="0" fileid="11" />
                <SequencePoint vc="0" uspid="191" ordinal="9" offset="224" sl="73" sc="13" el="73" ec="49" bec="0" bev="0" fileid="11" />
                <SequencePoint vc="0" uspid="192" ordinal="10" offset="243" sl="76" sc="13" el="78" ec="44" bec="0" bev="0" fileid="11" />
                <SequencePoint vc="0" uspid="193" ordinal="11" offset="376" sl="79" sc="9" el="79" ec="10" bec="0" bev="0" fileid="11" />
              </SequencePoints>
              <BranchPoints />
              <MethodPoint vc="0" uspid="194" ordinal="0" offset="0" />
            </Method>
            <Method visited="false" cyclomaticComplexity="1" nPathComplexity="0" sequenceCoverage="0" branchCoverage="0" crapScore="2" isConstructor="false" isStatic="false" isGetter="false" isSetter="false">
              <Summary numSequencePoints="12" visitedSequencePoints="0" numBranchPoints="1" visitedBranchPoints="0" sequenceCoverage="0" branchCoverage="0" maxCyclomaticComplexity="1" minCyclomaticComplexity="1" maxCrapScore="2" minCrapScore="2" visitedClasses="0" numClasses="0" visitedMethods="0" numMethods="1" />
              <MetadataToken>100663320</MetadataToken>
              <Name>System.Void CarModsHeaven.Web.Tests.Controllers.Projects.DeleteShould::ReturnErrorViewWhenPassedIdIsNull()</Name>
              <FileRef uid="11" />
              <SequencePoints>
                <SequencePoint vc="0" uspid="195" ordinal="0" offset="6" sl="83" sc="9" el="83" ec="10" bec="0" bev="0" fileid="11" />
                <SequencePoint vc="0" uspid="196" ordinal="1" offset="7" sl="85" sc="13" el="85" ec="71" bec="0" bev="0" fileid="11" />
                <SequencePoint vc="0" uspid="197" ordinal="2" offset="18" sl="86" sc="13" el="86" ec="65" bec="0" bev="0" fileid="11" />
                <SequencePoint vc="0" uspid="198" ordinal="3" offset="24" sl="87" sc="13" el="87" ec="57" bec="0" bev="0" fileid="11" />
                <SequencePoint vc="0" uspid="199" ordinal="4" offset="30" sl="88" sc="13" el="88" ec="44" bec="0" bev="0" fileid="11" />
                <SequencePoint vc="0" uspid="200" ordinal="5" offset="41" sl="89" sc="13" el="92" ec="15" bec="0" bev="0" fileid="11" />
                <SequencePoint vc="0" uspid="201" ordinal="6" offset="60" sl="94" sc="13" el="94" ec="102" bec="0" bev="0" fileid="11" />
                <SequencePoint vc="0" uspid="202" ordinal="7" offset="75" sl="95" sc="13" el="95" ec="56" bec="0" bev="0" fileid="11" />
                <SequencePoint vc="0" uspid="203" ordinal="8" offset="90" sl="96" sc="13" el="96" ec="100" bec="0" bev="0" fileid="11" />
                <SequencePoint vc="0" uspid="204" ordinal="9" offset="224" sl="99" sc="13" el="99" ec="49" bec="0" bev="0" fileid="11" />
                <SequencePoint vc="0" uspid="205" ordinal="10" offset="243" sl="102" sc="13" el="104" ec="44" bec="0" bev="0" fileid="11" />
                <SequencePoint vc="0" uspid="206" ordinal="11" offset="361" sl="105" sc="9" el="105" ec="10" bec="0" bev="0" fileid="11" />
              </SequencePoints>
              <BranchPoints />
              <MethodPoint vc="0" uspid="207" ordinal="0" offset="0" />
            </Method>
            <Method visited="false" cyclomaticComplexity="1" nPathComplexity="0" sequenceCoverage="0" branchCoverage="0" crapScore="2" isConstructor="false" isStatic="false" isGetter="false" isSetter="false">
              <Summary numSequencePoints="13" visitedSequencePoints="0" numBranchPoints="1" visitedBranchPoints="0" sequenceCoverage="0" branchCoverage="0" maxCyclomaticComplexity="1" minCyclomaticComplexity="1" maxCrapScore="2" minCrapScore="2" visitedClasses="0" numClasses="0" visitedMethods="0" numMethods="1" />
              <MetadataToken>100663321</MetadataToken>
              <Name>System.Void CarModsHeaven.Web.Tests.Controllers.Projects.DeleteShould::CallProjectsServiceMethodDeleteWhenModelIsValid()</Name>
              <FileRef uid="11" />
              <SequencePoints>
                <SequencePoint vc="0" uspid="208" ordinal="0" offset="6" sl="109" sc="9" el="109" ec="10" bec="0" bev="0" fileid="11" />
                <SequencePoint vc="0" uspid="209" ordinal="1" offset="7" sl="111" sc="13" el="111" ec="71" bec="0" bev="0" fileid="11" />
                <SequencePoint vc="0" uspid="210" ordinal="2" offset="18" sl="112" sc="13" el="112" ec="65" bec="0" bev="0" fileid="11" />
                <SequencePoint vc="0" uspid="211" ordinal="3" offset="24" sl="113" sc="13" el="113" ec="57" bec="0" bev="0" fileid="11" />
                <SequencePoint vc="0" uspid="212" ordinal="4" offset="30" sl="114" sc="13" el="114" ec="44" bec="0" bev="0" fileid="11" />
                <SequencePoint vc="0" uspid="213" ordinal="5" offset="41" sl="115" sc="13" el="118" ec="15" bec="0" bev="0" fileid="11" />
                <SequencePoint vc="0" uspid="214" ordinal="6" offset="65" sl="119" sc="13" el="119" ec="56" bec="0" bev="0" fileid="11" />
                <SequencePoint vc="0" uspid="215" ordinal="7" offset="84" sl="121" sc="13" el="121" ec="102" bec="0" bev="0" fileid="11" />
                <SequencePoint vc="0" uspid="216" ordinal="8" offset="99" sl="122" sc="13" el="122" ec="98" bec="0" bev="0" fileid="11" />
                <SequencePoint vc="0" uspid="217" ordinal="9" offset="238" sl="123" sc="13" el="123" ec="69" bec="0" bev="0" fileid="11" />
                <SequencePoint vc="0" uspid="218" ordinal="10" offset="345" sl="126" sc="13" el="126" ec="49" bec="0" bev="0" fileid="11" />
[...]
            </Method>
            <Method visited="false" cyclomaticComplexity="1" nPathComplexity="0" sequenceCoverage="0" branchCoverage="0" crapScore="2" isConstructor="false" isStatic="false" isGetter="false" isSetter="false">
              <Summary numSequencePoints="3" visitedSequencePoints="0" numBranchPoints="1" visitedBranchPoints="0" sequenceCoverage="0" branchCoverage="0" maxCyclomaticComplexity="1" minCyclomaticComplexity="1" maxCrapScore="2" minCrapScore="2" visitedClasses="0" numClasses="0" visitedMethods="0" numMethods="1" />
              <MetadataToken>100663305</MetadataToken>
              <Name>System.Void CarModsHeaven.Auth.AuthProvider::SignOut()</Name>
              <FileRef uid="183" />
              <SequencePoints>
                <SequencePoint vc="0" uspid="1627" ordinal="0" offset="0" sl="92" sc="9" el="92" ec="10" bec="0" bev="0" fileid="183" />
                <SequencePoint vc="0" uspid="1628" ordinal="1" offset="1" sl="93" sc="13" el="93" ec="126" bec="0" bev="0" fileid="183" />
                <SequencePoint vc="0" uspid="1629" ordinal="2" offset="37" sl="94" sc="9" el="94" ec="10" bec="0" bev="0" fileid="183" />
              </SequencePoints>
              <BranchPoints />
              <MethodPoint xsi:type="SequencePoint" vc="0" uspid="1627" ordinal="0" offset="0" sl="92" sc="9" el="92" ec="10" bec="0" bev="0" fileid="183" />
            </Method>
            <Method visited="false" cyclomaticComplexity="2" nPathComplexity="0" sequenceCoverage="0" branchCoverage="0" crapScore="6" isConstructor="false" isStatic="false" isGetter="false" isSetter="false">
              <Summary numSequencePoints="3" visitedSequencePoints="0" numBranchPoints="1" visitedBranchPoints="0" sequenceCoverage="0" branchCoverage="0" maxCyclomaticComplexity="2" minCyclomaticComplexity="2" maxCrapScore="6" minCrapScore="6" visitedClasses="0" numClasses="0" visitedMethods="0" numMethods="1" />
              <MetadataToken>100663306</MetadataToken>
              <Name>System.Boolean CarModsHeaven.Auth.AuthProvider::IsInRole(System.String,System.String)</Name>
              <FileRef uid="183" />
              <SequencePoints>
                <SequencePoint vc="0" uspid="1630" ordinal="0" offset="0" sl="97" sc="9" el="97" ec="10" bec="0" bev="0" fileid="183" />
                <SequencePoint vc="0" uspid="1631" ordinal="1" offset="1" sl="98" sc="13" el="98" ec="82" bec="0" bev="0" fileid="183" />
                <SequencePoint vc="0" uspid="1632" ordinal="2" offset="23" sl="99" sc="9" el="99" ec="10" bec="0" bev="0" fileid="183" />
              </SequencePoints>
              <BranchPoints />
              <MethodPoint xsi:type="SequencePoint" vc="0" uspid="1630" ordinal="0" offset="0" sl="97" sc="9" el="97" ec="10" bec="0" bev="0" fileid="183" />
            </Method>
            <Method visited="false" cyclomaticComplexity="1" nPathComplexity="0" sequenceCoverage="0" branchCoverage="0" crapScore="2" isConstructor="false" isStatic="false" isGetter="false" isSetter="false">
              <Summary numSequencePoints="3" visitedSequencePoints="0" numBranchPoints="1" visitedBranchPoints="0" sequenceCoverage="0" branchCoverage="0" maxCyclomaticComplexity="1" minCyclomaticComplexity="1" maxCrapScore="2" minCrapScore="2" visitedClasses="0" numClasses="0" visitedMethods="0" numMethods="1" />
              <MetadataToken>100663307</MetadataToken>
              <Name>Microsoft.AspNet.Identity.IdentityResult CarModsHeaven.Auth.AuthProvider::AddToRole(System.String,System.String)</Name>
              <FileRef uid="183" />
              <SequencePoints>
                <SequencePoint vc="0" uspid="1635" ordinal="0" offset="0" sl="102" sc="9" el="102" ec="10" bec="0" bev="0" fileid="183" />
                <SequencePoint vc="0" uspid="1636" ordinal="1" offset="1" sl="103" sc="13" el="103" ec="65" bec="0" bev="0" fileid="183" />
                <SequencePoint vc="0" uspid="1637" ordinal="2" offset="17" sl="104" sc="9" el="104" ec="10" bec="0" bev="0" fileid="183" />
              </SequencePoints>
              <BranchPoints />
              <MethodPoint xsi:type="SequencePoint" vc="0" uspid="1635" ordinal="0" offset="0" sl="102" sc="9" el="102" ec="10" bec="0" bev="0" fileid="183" />
            </Method>
            <Method visited="false" cyclomaticComplexity="1" nPathComplexity="0" sequenceCoverage="0" branchCoverage="0" crapScore="2" isConstructor="false" isStatic="false" isGetter="false" isSetter="false">
              <Summary numSequencePoints="3" visitedSequencePoints="0" numBranchPoints="1" visitedBranchPoints="0" sequenceCoverage="0" branchCoverage="0" maxCyclomaticComplexity="1" minCyclomaticComplexity="1" maxCrapScore="2" minCrapScore="2" visitedClasses="0" numClasses="0" visitedMethods="0" numMethods="1" />
              <MetadataToken>100663308</MetadataToken>
              <Name>Microsoft.AspNet.Identity.IdentityResult CarModsHeaven.Auth.AuthProvider::RemoveFromRole(System.String,System.String)</Name>
              <FileRef uid="183" />
              <SequencePoints>
                <SequencePoint vc="0" uspid="1638" ordinal="0" offset="0" sl="107" sc="9" el="107" ec="10" bec="0" bev="0" fileid="183" />
                <SequencePoint vc="0" uspid="1639" ordinal="1" offset="1" sl="108" sc="13" el="108" ec="70" bec="0" bev="0" fileid="183" />
                <SequencePoint vc="0" uspid="1640" ordinal="2" offset="17" sl="109" sc="9" el="109" ec="10" bec="0" bev="0" fileid="183" />
              </SequencePoints>
              <BranchPoints />
              <MethodPoint xsi:type="SequencePoint" vc="0" uspid="1638" ordinal="0" offset="0" sl="107" sc="9" el="107" ec="10" bec="0" bev="0" fileid="183" />
            </Method>
            <Method visited="false" cyclomaticComplexity="1" nPathComplexity="0" sequenceCoverage="0" branchCoverage="0" crapScore="2" isConstructor="false" isStatic="false" isGetter="false" isSetter="false">
              <Summary numSequencePoints="5" visitedSequencePoints="0" numBranchPoints="1" visitedBranchPoints="0" sequenceCoverage="0" branchCoverage="0" maxCyclomaticComplexity="1" minCyclomaticComplexity="1" maxCrapScore="2" minCrapScore="2" visitedClasses="0" numClasses="0" visitedMethods="0" numMethods="1" />
              <MetadataToken>100663309</MetadataToken>
              <Name>System.Void CarModsHeaven.Auth.AuthProvider::BanUser(System.String)</Name>
              <FileRef uid="183" />
              <SequencePoints>
                <SequencePoint vc="0" uspid="1641" ordinal="0" offset="0" sl="112" sc="9" el="112" ec="10" bec="0" bev="0" fileid="183" />
                <SequencePoint vc="0" uspid="1642" ordinal="1" offset="1" sl="113" sc="13" el="113" ec="58" bec="0" bev="0" fileid="183" />
                <SequencePoint vc="0" uspid="1643" ordinal="2" offset="14" sl="114" sc="13" el="114" ec="99" bec="0" bev="0" fileid="183" />
                <SequencePoint vc="0" uspid="1644" ordinal="3" offset="44" sl="116" sc="13" el="116" ec="43" bec="0" bev="0" fileid="183" />
                <SequencePoint vc="0" uspid="1645" ordinal="4" offset="57" sl="117" sc="9" el="117" ec="10" bec="0" bev="0" fileid="183" />
              </SequencePoints>
              <BranchPoints />
              <MethodPoint xsi:type="SequencePoint" vc="0" uspid="1641" ordinal="0" offset="0" sl="112" sc="9" el="112" ec="10" bec="0" bev="0" fileid="183" />
            </Method>
            <Method visited="false" cyclomaticComplexity="1" nPathComplexity="0" sequenceCoverage="0" branchCoverage="0" crapScore="2" isConstructor="false" isStatic="false" isGetter="false" isSetter="false">
              <Summary numSequencePoints="5" visitedSequencePoints="0" numBranchPoints="1" visitedBranchPoints="0" sequenceCoverage="0" branchCoverage="0" maxCyclomaticComplexity="1" minCyclomaticComplexity="1" maxCrapScore="2" minCrapScore="2" visitedClasses="0" numClasses="0" visitedMethods="0" numMethods="1" />
              <MetadataToken>100663310</MetadataToken>
              <Name>System.Void CarModsHeaven.Auth.AuthProvider::UnbanUser(System.String)</Name>
              <FileRef uid="183" />
              <SequencePoints>
                <SequencePoint vc="0" uspid="1646" ordinal="0" offset="0" sl="120" sc="9" el="120" ec="10" bec="0" bev="0" fileid="183" />
                <SequencePoint vc="0" uspid="1647" ordinal="1" offset="1" sl="121" sc="13" el="121" ec="58" bec="0" bev="0" fileid="183" />
                <SequencePoint vc="0" uspid="1648" ordinal="2" offset="14" sl="122" sc="13" el="122" ec="43" bec="0" bev="0" fileid="183" />
                <SequencePoint vc="0" uspid="1649" ordinal="3" offset="30" sl="124" sc="13" el="124" ec="43" bec="0" bev="0" fileid="183" />
                <SequencePoint vc="0" uspid="1650" ordinal="4" offset="43" sl="125" sc="9" el="125" ec="10" bec="0" bev="0" fileid="183" />
              </SequencePoints>
              <BranchPoints />
              <MethodPoint xsi:type="SequencePoint" vc="0" uspid="1646" ordinal="0" offset="0" sl="120" sc="9" el="120" ec="10" bec="0" bev="0" fileid="183" />
            </Method>
          </Methods>
        </Class>
        <Class>
          <Summary numSequencePoints="9" visitedSequencePoints="0" numBranchPoints="3" visitedBranchPoints="0" sequenceCoverage="0" branchCoverage="0" maxCyclomaticComplexity="1" minCyclomaticComplexity="1" maxCrapScore="2" minCrapScore="2" visitedClasses="0" numClasses="1" visitedMethods="0" numMethods="3" />
          <FullName>CarModsHeaven.Auth.Managers.ApplicationSignInManager</FullName>
          <Methods>
            <Method visited="false" cyclomaticComplexity="1" nPathComplexity="0" sequenceCoverage="0" branchCoverage="0" crapScore="2" isConstructor="true" isStatic="false" isGetter="false" isSetter="false">
              <Summary numSequencePoints="3" visitedSequencePoints="0" numBranchPoints="1" visitedBranchPoints="0" sequenceCoverage="0" branchCoverage="0" maxCyclomaticComplexity="1" minCyclomaticComplexity="1" maxCrapScore="2" minCrapScore="2" visitedClasses="0" numClasses="0" visitedMethods="0" numMethods="1" />
              <MetadataToken>100663311</MetadataToken>
              <Name>System.Void CarModsHeaven.Auth.Managers.ApplicationSignInManager::.ctor(CarModsHeaven.Auth.Managers.ApplicationUserManager,Microsoft.Owin.Security.IAuthenticationManager)</Name>
              <FileRef uid="184" />
              <SequencePoints>
                <SequencePoint vc="0" uspid="1651" ordinal="0" offset="0" sl="14" sc="15" el="14" ec="55" bec="0" bev="0" fileid="184" />
                <SequencePoint vc="0" uspid="1652" ordinal="1" offset="9" sl="15" sc="9" el="15" ec="10" bec="0" bev="0" fileid="184" />
                <SequencePoint vc="0" uspid="1653" ordinal="2" offset="10" sl="16" sc="9" el="16" ec="10" bec="0" bev="0" fileid="184" />
              </SequencePoints>
              <BranchPoints />
              <MethodPoint xsi:type="SequencePoint" vc="0" uspid="1651" ordinal="0" offset="0" sl="14" sc="15" el="14" ec="55" bec="0" bev="0" fileid="184" />
            </Method>
            <Method visited="false" cyclomaticComplexity="1" nPathComplexity="0" sequenceCoverage="0" branchCoverage="0" crapScore="2" isConstructor="false" isStatic="true" isGetter="false" isSetter="false">
              <Summary numSequencePoints="3" visitedSequencePoints="0" numBranchPoints="1" visitedBranchPoints="0" sequenceCoverage="0" branchCoverage="0" maxCyclomaticComplexity="1" minCyclomaticComplexity="1" maxCrapScore="2" minCrapScore="2" visitedClasses="0" numClasses="0" visitedMethods="0" numMethods="1" />
              <MetadataToken>100663312</MetadataToken>
              <Name>CarModsHeaven.Auth.Managers.ApplicationSignInManager CarModsHeaven.Auth.Managers.ApplicationSignInManager::Create(Microsoft.AspNet.Identity.Owin.IdentityFactoryOptions`1&lt;CarModsHeaven.Auth.Managers.ApplicationSignInManager&gt;,Microsoft.Owin.IOwinContext)</Name>
              <FileRef uid="184" />
              <SequencePoints>
                <SequencePoint vc="0" uspid="1654" ordinal="0" offset="0" sl="19" sc="9" el="19" ec="10" bec="0" bev="0" fileid="184" />
                <SequencePoint vc="0" uspid="1655" ordinal="1" offset="1" sl="20" sc="13" el="20" ec="123" bec="0" bev="0" fileid="184" />
                <SequencePoint vc="0" uspid="1656" ordinal="2" offset="21" sl="21" sc="9" el="21" ec="10" bec="0" bev="0" fileid="184" />
              </SequencePoints>
              <BranchPoints />
              <MethodPoint xsi:type="SequencePoint" vc="0" uspid="1654" ordinal="0" offset="0" sl="19" sc="9" el="19" ec="10" bec="0" bev="0" fileid="184" />
            </Method>
            <Method visited="false" cyclomaticComplexity="1" nPathComplexity="0" sequenceCoverage="0" branchCoverage="0" crapScore="2" isConstructor="false" isStatic="false" isGetter="false" isSetter="false">
              <Summary numSequencePoints="3" visitedSequencePoints="0" numBranchPoints="1" visitedBranchPoints="0" sequenceCoverage="0" branchCoverage="0" maxCyclomaticComplexity="1" minCyclomaticComplexity="1" maxCrapScore="2" minCrapScore="2" visitedClasses="0" numClasses="0" visitedMethods="0" numMethods="1" />
              <MetadataToken>100663313</MetadataToken>
              <Name>System.Threading.Tasks.Task`1&lt;System.Security.Claims.ClaimsIdentity&gt; CarModsHeaven.Auth.Managers.ApplicationSignInManager::CreateUserIdentityAsync(CarModsHeaven.Data.Models.User)</Name>
              <FileRef uid="184" />
              <SequencePoints>
                <SequencePoint vc="0" uspid="1657" ordinal="0" offset="0" sl="24" sc="9" el="24" ec="10" bec="0" bev="0" fileid="184" />
                <SequencePoint vc="0" uspid="1658" ordinal="1" offset="1" sl="25" sc="13" el="25" ec="88" bec="0" bev="0" fileid="184" />
                <SequencePoint vc="0" uspid="1659" ordinal="2" offset="21" sl="26" sc="9" el="26" ec="10" bec="0" bev="0" fileid="184" />
              </SequencePoints>
              <BranchPoints />
              <MethodPoint xsi:type="SequencePoint" vc="0" uspid="1657" ordinal="0" offset="0" sl="24" sc="9" el="24" ec="10" bec="0" bev="0" fileid="184" />
            </Method>
          </Methods>
        </Class>
        <Class>
          <Summary numSequencePoints="19" visitedSequencePoints="0" numBranchPoints="4" visitedBranchPoints="0" sequenceCoverage="0" branchCoverage="0" maxCyclomaticComplexity="2" minCyclomaticComplexity="1" maxCrapScore="6" minCrapScore="2" visitedClasses="0" numClasses="1" visitedMethods="0" numMethods="2" />
          <FullName>CarModsHeaven.Auth.Managers.ApplicationUserManager</FullName>
          <Methods>
            <Method visited="false" cyclomaticComplexity="1" nPathComplexity="0" sequenceCoverage="0" branchCoverage="0" crapScore="2" isConstructor="true" isStatic="false" isGetter="false" isSetter="false">
              <Summary numSequencePoints="3" visitedSequencePoints="0" numBranchPoints="1" visitedBranchPoints="0" sequenceCoverage="0" branchCoverage="0" maxCyclomaticComplexity="1" minCyclomaticComplexity="1" maxCrapScore="2" minCrapScore="2" visitedClasses="0" numClasses="0" visitedMethods="0" numMethods="1" />
              <MetadataToken>100663314</MetadataToken>
              <Name>System.Void CarModsHeaven.Auth.Managers.ApplicationUserManager::.ctor(Microsoft.AspNet.Identity.IUserStore`1&lt;CarModsHeaven.Data.Models.User&gt;)</Name>
              <FileRef uid="185" />
              <SequencePoints>
                <SequencePoint vc="0" uspid="1660" ordinal="0" offset="0" sl="15" sc="15" el="15" ec="26" bec="0" bev="0" fileid="185" />
                <SequencePoint vc="0" uspid="1661" ordinal="1" offset="8" sl="16" sc="9" el="16" ec="10" bec="0" bev="0" fileid="185" />
                <SequencePoint vc="0" uspid="1662" ordinal="2" offset="9" sl="17" sc="9" el="17" ec="10" bec="0" bev="0" fileid="185" />
              </SequencePoints>
              <BranchPoints />
              <MethodPoint xsi:type="SequencePoint" vc="0" uspid="1660" ordinal="0" offset="0" sl="15" sc="15" el="15" ec="26" bec="0" bev="0" fileid="185" />
            </Method>
            <Method visited="false" cyclomaticComplexity="2" nPathComplexity="2" sequenceCoverage="0" branchCoverage="0" crapScore="6" isConstructor="false" isStatic="true" isGetter="false" isSetter="false">
              <Summary numSequencePoints="16" visitedSequencePoints="0" numBranchPoints="3" visitedBranchPoints="0" sequenceCoverage="0" branchCoverage="0" maxCyclomaticComplexity="2" minCyclomaticComplexity="2" maxCrapScore="6" minCrapScore="6" visitedClasses="0" numClasses="0" visitedMethods="0" numMethods="1" />
              <MetadataToken>100663315</MetadataToken>
              <Name>CarModsHeaven.Auth.Managers.ApplicationUserManager CarModsHeaven.Auth.Managers.ApplicationUserManager::Create(Microsoft.AspNet.Identity.Owin.IdentityFactoryOptions`1&lt;CarModsHeaven.Auth.Managers.ApplicationUserManager&gt;,Microsoft.Owin.IOwinContext)</Name>
              <FileRef uid="185" />
              <SequencePoints>
                <SequencePoint vc="0" uspid="1663" ordinal="0" offset="0" sl="20" sc="9" el="20" ec="10" bec="0" bev="0" fileid="185" />
                <SequencePoint vc="0" uspid="1664" ordinal="1" offset="1" sl="21" sc="13" el="21" ec="106" bec="0" bev="0" fileid="185" />
                <SequencePoint vc="0" uspid="1665" ordinal="2" offset="18" sl="24" sc="13" el="28" ec="15" bec="0" bev="0" fileid="185" />
                <SequencePoint vc="0" uspid="1666" ordinal="3" offset="47" sl="31" sc="13" el="38" ec="15" bec="0" bev="0" fileid="185" />
                <SequencePoint vc="0" uspid="1667" ordinal="4" offset="99" sl="41" sc="13" el="41" ec="56" bec="0" bev="0" fileid="185" />
                <SequencePoint vc="0" uspid="1668" ordinal="5" offset="107" sl="42" sc="13" el="42" ec="77" bec="0" bev="0" fileid="185" />
                <SequencePoint vc="0" uspid="1669" ordinal="6" offset="128" sl="43" sc="13" el="43" ec="62" bec="0" bev="0" fileid="185" />
                <SequencePoint vc="0" uspid="1670" ordinal="7" offset="136" sl="47" sc="13" el="52" ec="20" bec="0" bev="0" fileid="185" />
                <SequencePoint vc="0" uspid="1671" ordinal="8" offset="165" sl="53" sc="13" el="59" ec="20" bec="0" bev="0" fileid="185" />
                <SequencePoint vc="0" uspid="1672" ordinal="9" offset="206" sl="61" sc="13" el="61" ec="73" bec="0" bev="0" fileid="185" />
                <SequencePoint vc="0" uspid="1673" ordinal="10" offset="213" sl="62" sc="13" el="62" ec="48" bec="2" bev="0" fileid="185" />
                <SequencePoint vc="0" uspid="1674" ordinal="11" offset="221" sl="63" sc="13" el="63" ec="14" bec="0" bev="0" fileid="185" />
                <SequencePoint vc="0" uspid="1675" ordinal="12" offset="222" sl="64" sc="17" el="65" ec="109" bec="0" bev="0" fileid="185" />
                <SequencePoint vc="0" uspid="1676" ordinal="13" offset="254" sl="66" sc="13" el="66" ec="14" bec="0" bev="0" fileid="185" />
                <SequencePoint vc="0" uspid="1677" ordinal="14" offset="255" sl="68" sc="13" el="68" ec="28" bec="0" bev="0" fileid="185" />
                <SequencePoint vc="0" uspid="1678" ordinal="15" offset="259" sl="69" sc="9" el="69" ec="10" bec="0" bev="0" fileid="185" />
              </SequencePoints>
              <BranchPoints>
                <BranchPoint vc="0" uspid="1679" ordinal="0" offset="219" sl="62" path="0" offsetend="221" fileid="185" />
                <BranchPoint vc="0" uspid="1680" ordinal="1" offset="219" sl="62" path="1" offsetend="255" fileid="185" />
              </BranchPoints>
              <MethodPoint xsi:type="SequencePoint" vc="0" uspid="1663" ordinal="0" offset="0" sl="20" sc="9" el="20" ec="10" bec="0" bev="0" fileid="185" />
            </Method>
          </Methods>
        </Class>
      </Classes>
      <TrackedMethods />
    </Module>
  </Modules>
</CoverageSession>